Log file open, 03/28/23 17:40:30
LogWindows: Failed to load 'aqProf.dll' (GetLastError=126)
LogWindows: File 'aqProf.dll' does not exist
LogWindows: Failed to load 'VtuneApi.dll' (GetLastError=126)
LogWindows: File 'VtuneApi.dll' does not exist
LogWindows: Failed to load 'VtuneApi32e.dll' (GetLastError=126)
LogWindows: File 'VtuneApi32e.dll' does not exist
LogConsoleResponse: Display: Failed to find resolution value strings in scalability ini. Falling back to default.
LogConsoleResponse: Display: Failed to find resolution value strings in scalability ini. Falling back to default.
LogInit: Display: Running engine for game: Platformer
LogPlatformFile: Not using cached read wrapper
LogTaskGraph: Started task graph with 5 named threads and 47 total threads with 3 sets of task threads.
LogStats: Stats thread started at 0.211185
LogICUInternationalization: ICU TimeZone Detection - Raw Offset: +9:30, Platform Override: ''
LogInit: Display: Loading text-based GConfig....
LogPluginManager: Mounting plugin MeshPainting
LogPluginManager: Mounting plugin XGEController
LogPluginManager: Mounting plugin LiveLink
LogPluginManager: Mounting plugin Paper2D
LogPluginManager: Mounting plugin AISupport
LogPluginManager: Mounting plugin EnvironmentQueryEditor
LogPluginManager: Mounting plugin GameplayCameras
LogPluginManager: Mounting plugin CameraShakePreviewer
LogPluginManager: Mounting plugin AnimationSharing
LogPluginManager: Mounting plugin CLionSourceCodeAccess
LogPluginManager: Mounting plugin GitSourceControl
LogPluginManager: Mounting plugin CodeLiteSourceCodeAccess
LogPluginManager: Mounting plugin LightPropagationVolume
LogPluginManager: Mounting plugin NullSourceCodeAccess
LogPluginManager: Mounting plugin KDevelopSourceCodeAccess
LogPluginManager: Mounting plugin PlasticSourceControl
LogPluginManager: Mounting plugin PixWinPlugin
LogPluginManager: Mounting plugin PerforceSourceControl
LogPluginManager: Mounting plugin RiderSourceCodeAccess
LogPluginManager: Mounting plugin SubversionSourceControl
LogPluginManager: Mounting plugin AssetManagerEditor
LogPluginManager: Mounting plugin TextureFormatOodle
LogPluginManager: Mounting plugin PluginUtils
LogPluginManager: Mounting plugin OodleNetwork
LogPluginManager: Mounting plugin PropertyAccessNode
LogPluginManager: Mounting plugin OodleData
LogPluginManager: Mounting plugin VisualStudioCodeSourceCodeAccess
LogPluginManager: Mounting plugin XCodeSourceCodeAccess
LogPluginManager: Mounting plugin UObjectPlugin
LogPluginManager: Mounting plugin CryptoKeys
LogPluginManager: Mounting plugin VisualStudioSourceCodeAccess
LogPluginManager: Mounting plugin CurveEditorTools
LogPluginManager: Mounting plugin FacialAnimation
LogPluginManager: Mounting plugin GameplayTagsEditor
LogPluginManager: Mounting plugin DataValidation
LogPluginManager: Mounting plugin PluginBrowser
LogPluginManager: Mounting plugin MacGraphicsSwitching
LogPluginManager: Mounting plugin GeometryMode
LogPluginManager: Mounting plugin MobileLauncherProfileWizard
LogPluginManager: Mounting plugin MaterialAnalyzer
LogPluginManager: Mounting plugin SpeedTreeImporter
LogPluginManager: Mounting plugin DatasmithContent
LogPluginManager: Mounting plugin VariantManagerContent
LogPluginManager: Mounting plugin AutomationUtils
LogPluginManager: Mounting plugin AlembicImporter
LogPluginManager: Mounting plugin BackChannel
LogPluginManager: Mounting plugin ChaosClothEditor
LogPluginManager: Mounting plugin ChaosSolverPlugin
LogPluginManager: Mounting plugin ChaosEditor
LogPluginManager: Mounting plugin ChaosNiagara
LogPluginManager: Mounting plugin ChaosCloth
LogPluginManager: Mounting plugin CharacterAI
LogPluginManager: Mounting plugin LuminPlatformFeatures
LogPluginManager: Mounting plugin MagicLeap
LogPluginManager: Mounting plugin MagicLeapMedia
LogPluginManager: Mounting plugin MagicLeapLightEstimation
LogPluginManager: Mounting plugin Niagara
LogPluginManager: Mounting plugin MagicLeapPassableWorld
LogPluginManager: Mounting plugin ActorSequence
LogPluginManager: Mounting plugin MLSDK
LogPluginManager: Mounting plugin GeometryCollectionPlugin
LogPluginManager: Mounting plugin LevelSequenceEditor
LogPluginManager: Mounting plugin GeometryProcessing
LogPluginManager: Mounting plugin MatineeToLevelSequence
LogPluginManager: Mounting plugin GeometryCache
LogPluginManager: Mounting plugin AvfMedia
LogPluginManager: Mounting plugin AndroidMedia
LogPluginManager: Mounting plugin ImgMedia
LogPluginManager: Mounting plugin TemplateSequence
LogPluginManager: Mounting plugin MediaCompositing
LogPluginManager: Mounting plugin UdpMessaging
LogPluginManager: Mounting plugin OpenImageDenoise
LogPluginManager: Mounting plugin MotoSynth
LogPluginManager: Mounting plugin PlanarCut
LogPluginManager: Mounting plugin ProxyLODPlugin
LogPluginManager: Mounting plugin TcpMessaging
LogPluginManager: Mounting plugin PlatformCrypto
LogPluginManager: Mounting plugin WebMMedia
LogPluginManager: Mounting plugin PythonScriptPlugin
LogPluginManager: Mounting plugin WmfMedia
LogPluginManager: Mounting plugin MediaPlayerEditor
LogPluginManager: Mounting plugin SkeletalReduction
LogPluginManager: Mounting plugin OnlineSubsystem
LogPluginManager: Mounting plugin OnlineSubsystemUtils
LogPluginManager: Mounting plugin OnlineSubsystemNull
LogPluginManager: Mounting plugin LauncherChunkInstaller
LogPluginManager: Mounting plugin AndroidDeviceProfileSelector
LogPluginManager: Mounting plugin AndroidMoviePlayer
LogPluginManager: Mounting plugin ActorLayerUtilities
LogPluginManager: Mounting plugin AppleMoviePlayer
LogPluginManager: Mounting plugin AndroidPermission
LogPluginManager: Mounting plugin AppleImageUtils
LogPluginManager: Mounting plugin CableComponent
LogPluginManager: Mounting plugin ChunkDownloader
LogPluginManager: Mounting plugin AudioSynesthesia
LogPluginManager: Mounting plugin AudioCapture
LogPluginManager: Mounting plugin ArchVisCharacter
LogPluginManager: Mounting plugin CustomMeshComponent
LogPluginManager: Mounting plugin EditableMesh
LogPluginManager: Mounting plugin AssetTags
LogPluginManager: Mounting plugin ExampleDeviceProfileSelector
LogPluginManager: Mounting plugin ScreenshotTools
LogPluginManager: Mounting plugin GoogleCloudMessaging
LogPluginManager: Mounting plugin GooglePAD
LogPluginManager: Mounting plugin LinuxDeviceProfileSelector
LogPluginManager: Mounting plugin LocationServicesBPLibrary
LogPluginManager: Mounting plugin IOSDeviceProfileSelector
LogPluginManager: Mounting plugin MobilePatchingUtils
LogPluginManager: Mounting plugin OpenXREyeTracker
LogPluginManager: Mounting plugin OpenXR
LogPluginManager: Mounting plugin Takes
LogPluginManager: Mounting plugin PhysXVehicles
LogPluginManager: Mounting plugin OpenXRHandTracking
LogPluginManager: Mounting plugin ProceduralMeshComponent
LogPluginManager: Mounting plugin PropertyAccessEditor
LogPluginManager: Mounting plugin PostSplashScreen
LogPluginManager: Mounting plugin RuntimePhysXCooking
LogPluginManager: Mounting plugin SignificanceManager
LogPluginManager: Mounting plugin SoundFields
LogPluginManager: Mounting plugin Synthesis
LogPluginManager: Mounting plugin WindowsMoviePlayer
LogPluginManager: Mounting plugin WebMMoviePlayer
LogPluginManager: Mounting plugin ContentBrowserClassDataSource
LogPluginManager: Mounting plugin ContentBrowserAssetDataSource
LogPluginManager: Mounting plugin ContentBrowserFileDataSource
LogPluginManager: Mounting plugin OnlineSubsystemGooglePlay
LogPluginManager: Mounting plugin OnlineSubsystemIOS
LogPluginManager: Mounting plugin OculusVR
LogPluginManager: Mounting plugin SteamVR
PixWinPlugin: PIX capture plugin failed to initialize! Check that the process is launched from PIX.
LogInit: Using libcurl 7.55.1-DEV
LogInit:  - built for x86_64-pc-win32
LogInit:  - supports SSL with OpenSSL/1.1.1
LogInit:  - supports HTTP deflate (compression) using libz 1.2.8
LogInit:  - other features:
LogInit:      CURL_VERSION_SSL
LogInit:      CURL_VERSION_LIBZ
LogInit:      CURL_VERSION_IPV6
LogInit:      CURL_VERSION_ASYNCHDNS
LogInit:      CURL_VERSION_LARGEFILE
LogInit:      CURL_VERSION_IDN
LogInit:  CurlRequestOptions (configurable via config and command line):
LogInit:  - bVerifyPeer = true  - Libcurl will verify peer certificate
LogInit:  - bUseHttpProxy = false  - Libcurl will NOT use HTTP proxy
LogInit:  - bDontReuseConnections = false  - Libcurl will reuse connections
LogInit:  - MaxHostConnections = 16  - Libcurl will limit the number of connections to a host
LogInit:  - LocalHostAddr = Default
LogInit:  - BufferSize = 65536
LogOnline: OSS: Creating online subsystem instance for: NULL
LogInit: WinSock: version 1.1 (2.2), MaxSocks=32767, MaxUdp=65467
LogOnline: OSS: TryLoadSubsystemAndSetDefault: Loaded subsystem for module [NULL]
LogOculusPluginWrapper: OculusPlugin initialized successfully
LogHMD: Failed initializing OVRPlugin 1.59.0
LogInit: Build: ++UE4+Release-4.27-CL-18319896
LogInit: Engine Version: 4.27.2-18319896+++UE4+Release-4.27
LogInit: Compatible Engine Version: 4.27.0-17155196+++UE4+Release-4.27
LogInit: Net CL: 17155196
LogInit: OS: Windows 10 (Release 2009) (), CPU: 11th Gen Intel(R) Core(TM) i9-11900H @ 2.50GHz, GPU: Intel(R) UHD Graphics
LogInit: Compiled (64-bit): Nov 30 2021 07:12:08
LogInit: Compiled with Visual C++: 19.24.28315.00
LogInit: Build Configuration: Development
LogInit: Branch Name: ++UE4+Release-4.27
LogInit: Command Line:  -EpicPortal -epicusername=Jedimaster9572 -epicuserid=269146ed755a42b6b971147ad7331cf9 -epiclocale=en -epicsandboxid=ue
LogInit: Base Directory: C:/Program Files/Epic Games/UE_4.27/Engine/Binaries/Win64/
LogInit: Allocator: TBB
LogInit: Installed Engine Build: 1
LogDevObjectVersion: Number of dev versions registered: 29
LogDevObjectVersion:   Dev-Blueprints (B0D832E4-1F89-4F0D-ACCF-7EB736FD4AA2): 10
LogDevObjectVersion:   Dev-Build (E1C64328-A22C-4D53-A36C-8E866417BD8C): 0
LogDevObjectVersion:   Dev-Core (375EC13C-06E4-48FB-B500-84F0262A717E): 4
LogDevObjectVersion:   Dev-Editor (E4B068ED-F494-42E9-A231-DA0B2E46BB41): 40
LogDevObjectVersion:   Dev-Framework (CFFC743F-43B0-4480-9391-14DF171D2073): 37
LogDevObjectVersion:   Dev-Mobile (B02B49B5-BB20-44E9-A304-32B752E40360): 3
LogDevObjectVersion:   Dev-Networking (A4E4105C-59A1-49B5-A7C5-40C4547EDFEE): 0
LogDevObjectVersion:   Dev-Online (39C831C9-5AE6-47DC-9A44-9C173E1C8E7C): 0
LogDevObjectVersion:   Dev-Physics (78F01B33-EBEA-4F98-B9B4-84EACCB95AA2): 14
LogDevObjectVersion:   Dev-Platform (6631380F-2D4D-43E0-8009-CF276956A95A): 0
LogDevObjectVersion:   Dev-Rendering (12F88B9F-8875-4AFC-A67C-D90C383ABD29): 45
LogDevObjectVersion:   Dev-Sequencer (7B5AE74C-D270-4C10-A958-57980B212A5A): 13
LogDevObjectVersion:   Dev-VR (D7296918-1DD6-4BDD-9DE2-64A83CC13884): 3
LogDevObjectVersion:   Dev-LoadTimes (C2A15278-BFE7-4AFE-6C17-90FF531DF755): 1
LogDevObjectVersion:   Private-Geometry (6EACA3D4-40EC-4CC1-B786-8BED09428FC5): 3
LogDevObjectVersion:   Dev-AnimPhys (29E575DD-E0A3-4627-9D10-D276232CDCEA): 17
LogDevObjectVersion:   Dev-Anim (AF43A65D-7FD3-4947-9873-3E8ED9C1BB05): 15
LogDevObjectVersion:   Dev-ReflectionCapture (6B266CEC-1EC7-4B8F-A30B-E4D90942FC07): 1
LogDevObjectVersion:   Dev-Automation (0DF73D61-A23F-47EA-B727-89E90C41499A): 1
LogDevObjectVersion:   FortniteMain (601D1886-AC64-4F84-AA16-D3DE0DEAC7D6): 47
LogDevObjectVersion:   FortniteRelease (E7086368-6B23-4C58-8439-1B7016265E91): 1
LogDevObjectVersion:   Dev-Enterprise (9DFFBCD6-494F-0158-E221-12823C92A888): 10
LogDevObjectVersion:   Dev-Niagara (F2AED0AC-9AFE-416F-8664-AA7FFA26D6FC): 1
LogDevObjectVersion:   Dev-Destruction (174F1F0B-B4C6-45A5-B13F-2EE8D0FB917D): 10
LogDevObjectVersion:   Dev-Physics-Ext (35F94A83-E258-406C-A318-09F59610247C): 41
LogDevObjectVersion:   Dev-PhysicsMaterial-Chaos (B68FC16E-8B1B-42E2-B453-215C058844FE): 1
LogDevObjectVersion:   Dev-CineCamera (B2E18506-4273-CFC2-A54E-F4BB758BBA07): 1
LogDevObjectVersion:   Dev-VirtualProduction (64F58936-FD1B-42BA-BA96-7289D5D0FA4E): 1
LogDevObjectVersion:   Dev-MediaFramework (6F0ED827-A609-4895-9C91-998D90180EA4): 2
LogInit: Presizing for max 25165824 objects, including 0 objects not considered by GC, pre-allocating 0 bytes for permanent pool.
LogConfig: Applying CVar settings from Section [/Script/Engine.StreamingSettings] File [C:/Users/natha/OneDrive/Repo/CertIIPlatformer/Platformer/Saved/Config/Windows/Engine.ini]
LogConfig: Setting CVar [[s.MinBulkDataSizeForAsyncLoading:131072]]
LogConfig: Setting CVar [[s.AsyncLoadingThreadEnabled:0]]
LogConfig: Setting CVar [[s.EventDrivenLoaderEnabled:1]]
LogConfig: Setting CVar [[s.WarnIfTimeLimitExceeded:0]]
LogConfig: Setting CVar [[s.TimeLimitExceededMultiplier:1.5]]
LogConfig: Setting CVar [[s.TimeLimitExceededMinTime:0.005]]
LogConfig: Setting CVar [[s.UseBackgroundLevelStreaming:1]]
LogConfig: Setting CVar [[s.PriorityAsyncLoadingExtraTime:15.0]]
LogConfig: Setting CVar [[s.LevelStreamingActorsUpdateTimeLimit:5.0]]
LogConfig: Setting CVar [[s.PriorityLevelStreamingActorsUpdateExtraTime:5.0]]
LogConfig: Setting CVar [[s.LevelStreamingComponentsRegistrationGranularity:10]]
LogConfig: Setting CVar [[s.UnregisterComponentsTimeLimit:1.0]]
LogConfig: Setting CVar [[s.LevelStreamingComponentsUnregistrationGranularity:5]]
LogConfig: Setting CVar [[s.FlushStreamingOnExit:1]]
LogInit: Object subsystem initialized
LogConfig: Setting CVar [[con.DebugEarlyDefault:1]]
LogConfig: Setting CVar [[r.setres:1280x720]]
[2023.03.28-07.10.30:679][  0]LogConfig: Setting CVar [[r.VSync:0]]
[2023.03.28-07.10.30:679][  0]LogConfig: Setting CVar [[r.RHICmdBypass:0]]
[2023.03.28-07.10.30:679][  0]LogConfig: Applying CVar settings from Section [/Script/Engine.RendererSettings] File [C:/Users/natha/OneDrive/Repo/CertIIPlatformer/Platformer/Saved/Config/Windows/Engine.ini]
[2023.03.28-07.10.30:679][  0]LogConfig: Setting CVar [[r.GPUCrashDebugging:0]]
[2023.03.28-07.10.30:679][  0]LogConfig: Applying CVar settings from Section [/Script/Engine.RendererOverrideSettings] File [C:/Users/natha/OneDrive/Repo/CertIIPlatformer/Platformer/Saved/Config/Windows/Engine.ini]
[2023.03.28-07.10.30:679][  0]LogConfig: Applying CVar settings from Section [/Script/Engine.StreamingSettings] File [C:/Users/natha/OneDrive/Repo/CertIIPlatformer/Platformer/Saved/Config/Windows/Engine.ini]
[2023.03.28-07.10.30:679][  0]LogConfig: Setting CVar [[s.MinBulkDataSizeForAsyncLoading:131072]]
[2023.03.28-07.10.30:679][  0]LogConfig: Setting CVar [[s.AsyncLoadingThreadEnabled:0]]
[2023.03.28-07.10.30:679][  0]LogConfig: Setting CVar [[s.EventDrivenLoaderEnabled:1]]
[2023.03.28-07.10.30:679][  0]LogConfig: Setting CVar [[s.WarnIfTimeLimitExceeded:0]]
[2023.03.28-07.10.30:679][  0]LogConfig: Setting CVar [[s.TimeLimitExceededMultiplier:1.5]]
[2023.03.28-07.10.30:679][  0]LogConfig: Setting CVar [[s.TimeLimitExceededMinTime:0.005]]
[2023.03.28-07.10.30:679][  0]LogConfig: Setting CVar [[s.UseBackgroundLevelStreaming:1]]
[2023.03.28-07.10.30:679][  0]LogConfig: Setting CVar [[s.PriorityAsyncLoadingExtraTime:15.0]]
[2023.03.28-07.10.30:679][  0]LogConfig: Setting CVar [[s.LevelStreamingActorsUpdateTimeLimit:5.0]]
[2023.03.28-07.10.30:679][  0]LogConfig: Setting CVar [[s.PriorityLevelStreamingActorsUpdateExtraTime:5.0]]
[2023.03.28-07.10.30:679][  0]LogConfig: Setting CVar [[s.LevelStreamingComponentsRegistrationGranularity:10]]
[2023.03.28-07.10.30:679][  0]LogConfig: Setting CVar [[s.UnregisterComponentsTimeLimit:1.0]]
[2023.03.28-07.10.30:679][  0]LogConfig: Setting CVar [[s.LevelStreamingComponentsUnregistrationGranularity:5]]
[2023.03.28-07.10.30:679][  0]LogConfig: Setting CVar [[s.FlushStreamingOnExit:1]]
[2023.03.28-07.10.30:679][  0]LogConfig: Applying CVar settings from Section [/Script/Engine.GarbageCollectionSettings] File [C:/Users/natha/OneDrive/Repo/CertIIPlatformer/Platformer/Saved/Config/Windows/Engine.ini]
[2023.03.28-07.10.30:679][  0]LogConfig: Setting CVar [[gc.MaxObjectsNotConsideredByGC:1]]
[2023.03.28-07.10.30:679][  0]LogConfig: Setting CVar [[gc.SizeOfPermanentObjectPool:0]]
[2023.03.28-07.10.30:679][  0]LogConfig: Setting CVar [[gc.FlushStreamingOnGC:0]]
[2023.03.28-07.10.30:679][  0]LogConfig: Setting CVar [[gc.NumRetriesBeforeForcingGC:10]]
[2023.03.28-07.10.30:679][  0]LogConfig: Setting CVar [[gc.AllowParallelGC:1]]
[2023.03.28-07.10.30:679][  0]LogConfig: Setting CVar [[gc.TimeBetweenPurgingPendingKillObjects:61.1]]
[2023.03.28-07.10.30:679][  0]LogConfig: Setting CVar [[gc.MaxObjectsInEditor:25165824]]
[2023.03.28-07.10.30:679][  0]LogConfig: Setting CVar [[gc.IncrementalBeginDestroyEnabled:1]]
[2023.03.28-07.10.30:679][  0]LogConfig: Setting CVar [[gc.CreateGCClusters:1]]
[2023.03.28-07.10.30:679][  0]LogConfig: Setting CVar [[gc.MinGCClusterSize:5]]
[2023.03.28-07.10.30:679][  0]LogConfig: Setting CVar [[gc.ActorClusteringEnabled:0]]
[2023.03.28-07.10.30:679][  0]LogConfig: Setting CVar [[gc.BlueprintClusteringEnabled:0]]
[2023.03.28-07.10.30:679][  0]LogConfig: Setting CVar [[gc.UseDisregardForGCOnDedicatedServers:0]]
[2023.03.28-07.10.30:679][  0]LogConfig: Setting CVar [[gc.MultithreadedDestructionEnabled:1]]
[2023.03.28-07.10.30:679][  0]LogConfig: Applying CVar settings from Section [/Script/Engine.NetworkSettings] File [C:/Users/natha/OneDrive/Repo/CertIIPlatformer/Platformer/Saved/Config/Windows/Engine.ini]
[2023.03.28-07.10.30:679][  0]LogConfig: Applying CVar settings from Section [/Script/UnrealEd.CookerSettings] File [C:/Users/natha/OneDrive/Repo/CertIIPlatformer/Platformer/Saved/Config/Windows/Engine.ini]
[2023.03.28-07.10.30:696][  0]LogConfig: Applying CVar settings from Section [ViewDistanceQuality@3] File [C:/Users/natha/OneDrive/Repo/CertIIPlatformer/Platformer/Saved/Config/Windows/Scalability.ini]
[2023.03.28-07.10.30:696][  0]LogConfig: Setting CVar [[r.SkeletalMeshLODBias:0]]
[2023.03.28-07.10.30:696][  0]LogConfig: Setting CVar [[r.ViewDistanceScale:1.0]]
[2023.03.28-07.10.30:696][  0]LogConfig: Applying CVar settings from Section [AntiAliasingQuality@3] File [C:/Users/natha/OneDrive/Repo/CertIIPlatformer/Platformer/Saved/Config/Windows/Scalability.ini]
[2023.03.28-07.10.30:696][  0]LogConfig: Setting CVar [[r.PostProcessAAQuality:4]]
[2023.03.28-07.10.30:696][  0]LogConfig: Applying CVar settings from Section [ShadowQuality@3] File [C:/Users/natha/OneDrive/Repo/CertIIPlatformer/Platformer/Saved/Config/Windows/Scalability.ini]
[2023.03.28-07.10.30:696][  0]LogConfig: Setting CVar [[r.LightFunctionQuality:1]]
[2023.03.28-07.10.30:696][  0]LogConfig: Setting CVar [[r.ShadowQuality:5]]
[2023.03.28-07.10.30:696][  0]LogConfig: Setting CVar [[r.Shadow.CSM.MaxCascades:10]]
[2023.03.28-07.10.30:696][  0]LogConfig: Setting CVar [[r.Shadow.MaxResolution:2048]]
[2023.03.28-07.10.30:696][  0]LogConfig: Setting CVar [[r.Shadow.MaxCSMResolution:2048]]
[2023.03.28-07.10.30:696][  0]LogConfig: Setting CVar [[r.Shadow.RadiusThreshold:0.01]]
[2023.03.28-07.10.30:696][  0]LogConfig: Setting CVar [[r.Shadow.DistanceScale:1.0]]
[2023.03.28-07.10.30:696][  0]LogConfig: Setting CVar [[r.Shadow.CSM.TransitionScale:1.0]]
[2023.03.28-07.10.30:696][  0]LogConfig: Setting CVar [[r.Shadow.PreShadowResolutionFactor:1.0]]
[2023.03.28-07.10.30:696][  0]LogConfig: Setting CVar [[r.DistanceFieldShadowing:1]]
[2023.03.28-07.10.30:696][  0]LogConfig: Setting CVar [[r.DistanceFieldAO:1]]
[2023.03.28-07.10.30:696][  0]LogConfig: Setting CVar [[r.AOQuality:2]]
[2023.03.28-07.10.30:696][  0]LogConfig: Setting CVar [[r.VolumetricFog:1]]
[2023.03.28-07.10.30:696][  0]LogConfig: Setting CVar [[r.VolumetricFog.GridPixelSize:8]]
[2023.03.28-07.10.30:696][  0]LogConfig: Setting CVar [[r.VolumetricFog.GridSizeZ:128]]
[2023.03.28-07.10.30:696][  0]LogConfig: Setting CVar [[r.VolumetricFog.HistoryMissSupersampleCount:4]]
[2023.03.28-07.10.30:696][  0]LogConfig: Setting CVar [[r.LightMaxDrawDistanceScale:1]]
[2023.03.28-07.10.30:696][  0]LogConfig: Setting CVar [[r.CapsuleShadows:1]]
[2023.03.28-07.10.30:696][  0]LogConfig: Applying CVar settings from Section [PostProcessQuality@3] File [C:/Users/natha/OneDrive/Repo/CertIIPlatformer/Platformer/Saved/Config/Windows/Scalability.ini]
[2023.03.28-07.10.30:696][  0]LogConfig: Setting CVar [[r.MotionBlurQuality:4]]
[2023.03.28-07.10.30:696][  0]LogConfig: Setting CVar [[r.AmbientOcclusionMipLevelFactor:0.4]]
[2023.03.28-07.10.30:696][  0]LogConfig: Setting CVar [[r.AmbientOcclusionMaxQuality:100]]
[2023.03.28-07.10.30:696][  0]LogConfig: Setting CVar [[r.AmbientOcclusionLevels:-1]]
[2023.03.28-07.10.30:696][  0]LogConfig: Setting CVar [[r.AmbientOcclusionRadiusScale:1.0]]
[2023.03.28-07.10.30:696][  0]LogConfig: Setting CVar [[r.DepthOfFieldQuality:2]]
[2023.03.28-07.10.30:696][  0]LogConfig: Setting CVar [[r.RenderTargetPoolMin:400]]
[2023.03.28-07.10.30:696][  0]LogConfig: Setting CVar [[r.LensFlareQuality:2]]
[2023.03.28-07.10.30:696][  0]LogConfig: Setting CVar [[r.SceneColorFringeQuality:1]]
[2023.03.28-07.10.30:696][  0]LogConfig: Setting CVar [[r.EyeAdaptationQuality:2]]
[2023.03.28-07.10.30:696][  0]LogConfig: Setting CVar [[r.BloomQuality:5]]
[2023.03.28-07.10.30:696][  0]LogConfig: Setting CVar [[r.FastBlurThreshold:100]]
[2023.03.28-07.10.30:696][  0]LogConfig: Setting CVar [[r.Upscale.Quality:3]]
[2023.03.28-07.10.30:696][  0]LogConfig: Setting CVar [[r.Tonemapper.GrainQuantization:1]]
[2023.03.28-07.10.30:696][  0]LogConfig: Setting CVar [[r.LightShaftQuality:1]]
[2023.03.28-07.10.30:696][  0]LogConfig: Setting CVar [[r.Filter.SizeScale:1]]
[2023.03.28-07.10.30:696][  0]LogConfig: Setting CVar [[r.Tonemapper.Quality:5]]
[2023.03.28-07.10.30:696][  0]LogConfig: Setting CVar [[r.DOF.Gather.AccumulatorQuality:1        ; higher gathering accumulator quality]]
[2023.03.28-07.10.30:696][  0]LogConfig: Setting CVar [[r.DOF.Gather.PostfilterMethod:1          ; Median3x3 postfilering method]]
[2023.03.28-07.10.30:696][  0]LogConfig: Setting CVar [[r.DOF.Gather.EnableBokehSettings:0       ; no bokeh simulation when gathering]]
[2023.03.28-07.10.30:696][  0]LogConfig: Setting CVar [[r.DOF.Gather.RingCount:4                 ; medium number of samples when gathering]]
[2023.03.28-07.10.30:696][  0]LogConfig: Setting CVar [[r.DOF.Scatter.ForegroundCompositing:1    ; additive foreground scattering]]
[2023.03.28-07.10.30:696][  0]LogConfig: Setting CVar [[r.DOF.Scatter.BackgroundCompositing:2    ; additive background scattering]]
[2023.03.28-07.10.30:696][  0]LogConfig: Setting CVar [[r.DOF.Scatter.EnableBokehSettings:1      ; bokeh simulation when scattering]]
[2023.03.28-07.10.30:696][  0]LogConfig: Setting CVar [[r.DOF.Scatter.MaxSpriteRatio:0.1         ; only a maximum of 10% of scattered bokeh]]
[2023.03.28-07.10.30:696][  0]LogConfig: Setting CVar [[r.DOF.Recombine.Quality:1                ; cheap slight out of focus]]
[2023.03.28-07.10.30:696][  0]LogConfig: Setting CVar [[r.DOF.Recombine.EnableBokehSettings:0    ; no bokeh simulation on slight out of focus]]
[2023.03.28-07.10.30:696][  0]LogConfig: Setting CVar [[r.DOF.TemporalAAQuality:1                ; more stable temporal accumulation]]
[2023.03.28-07.10.30:696][  0]LogConfig: Setting CVar [[r.DOF.Kernel.MaxForegroundRadius:0.025]]
[2023.03.28-07.10.30:696][  0]LogConfig: Setting CVar [[r.DOF.Kernel.MaxBackgroundRadius:0.025]]
[2023.03.28-07.10.30:696][  0]LogConfig: Applying CVar settings from Section [TextureQuality@3] File [C:/Users/natha/OneDrive/Repo/CertIIPlatformer/Platformer/Saved/Config/Windows/Scalability.ini]
[2023.03.28-07.10.30:696][  0]LogConfig: Setting CVar [[r.Streaming.MipBias:0]]
[2023.03.28-07.10.30:696][  0]LogConfig: Setting CVar [[r.Streaming.AmortizeCPUToGPUCopy:0]]
[2023.03.28-07.10.30:696][  0]LogConfig: Setting CVar [[r.Streaming.MaxNumTexturesToStreamPerFrame:0]]
[2023.03.28-07.10.30:696][  0]LogConfig: Setting CVar [[r.Streaming.Boost:1]]
[2023.03.28-07.10.30:696][  0]LogConfig: Setting CVar [[r.MaxAnisotropy:8]]
[2023.03.28-07.10.30:696][  0]LogConfig: Setting CVar [[r.VT.MaxAnisotropy:8]]
[2023.03.28-07.10.30:696][  0]LogConfig: Setting CVar [[r.Streaming.LimitPoolSizeToVRAM:0]]
[2023.03.28-07.10.30:696][  0]LogConfig: Setting CVar [[r.Streaming.PoolSize:1000]]
[2023.03.28-07.10.30:696][  0]LogConfig: Setting CVar [[r.Streaming.MaxEffectiveScreenSize:0]]
[2023.03.28-07.10.30:696][  0]LogConfig: Applying CVar settings from Section [EffectsQuality@3] File [C:/Users/natha/OneDrive/Repo/CertIIPlatformer/Platformer/Saved/Config/Windows/Scalability.ini]
[2023.03.28-07.10.30:696][  0]LogConfig: Setting CVar [[r.TranslucencyLightingVolumeDim:64]]
[2023.03.28-07.10.30:696][  0]LogConfig: Setting CVar [[r.RefractionQuality:2]]
[2023.03.28-07.10.30:696][  0]LogConfig: Setting CVar [[r.SSR.Quality:3]]
[2023.03.28-07.10.30:696][  0]LogConfig: Setting CVar [[r.SSR.HalfResSceneColor:0]]
[2023.03.28-07.10.30:696][  0]LogConfig: Setting CVar [[r.SceneColorFormat:4]]
[2023.03.28-07.10.30:696][  0]LogConfig: Setting CVar [[r.DetailMode:2]]
[2023.03.28-07.10.30:696][  0]LogConfig: Setting CVar [[r.TranslucencyVolumeBlur:1]]
[2023.03.28-07.10.30:696][  0]LogConfig: Setting CVar [[r.MaterialQualityLevel:1 ; High quality]]
[2023.03.28-07.10.30:696][  0]LogConfig: Setting CVar [[r.AnisotropicMaterials:1]]
[2023.03.28-07.10.30:696][  0]LogConfig: Setting CVar [[r.SSS.Scale:1]]
[2023.03.28-07.10.30:696][  0]LogConfig: Setting CVar [[r.SSS.SampleSet:2]]
[2023.03.28-07.10.30:696][  0]LogConfig: Setting CVar [[r.SSS.Quality:1]]
[2023.03.28-07.10.30:696][  0]LogConfig: Setting CVar [[r.SSS.HalfRes:0]]
[2023.03.28-07.10.30:696][  0]LogConfig: Setting CVar [[r.SSGI.Quality:3]]
[2023.03.28-07.10.30:696][  0]LogConfig: Setting CVar [[r.EmitterSpawnRateScale:1.0]]
[2023.03.28-07.10.30:696][  0]LogConfig: Setting CVar [[r.ParticleLightQuality:2]]
[2023.03.28-07.10.30:696][  0]LogConfig: Setting CVar [[r.SkyAtmosphere.AerialPerspectiveLUT.FastApplyOnOpaque:1 ; Always have FastSkyLUT 1 in this case to avoid wrong sky]]
[2023.03.28-07.10.30:696][  0]LogConfig: Setting CVar [[r.SkyAtmosphere.AerialPerspectiveLUT.SampleCountMaxPerSlice:4]]
[2023.03.28-07.10.30:696][  0]LogConfig: Setting CVar [[r.SkyAtmosphere.AerialPerspectiveLUT.DepthResolution:16.0]]
[2023.03.28-07.10.30:696][  0]LogConfig: Setting CVar [[r.SkyAtmosphere.FastSkyLUT:1]]
[2023.03.28-07.10.30:696][  0]LogConfig: Setting CVar [[r.SkyAtmosphere.FastSkyLUT.SampleCountMin:4.0]]
[2023.03.28-07.10.30:696][  0]LogConfig: Setting CVar [[r.SkyAtmosphere.FastSkyLUT.SampleCountMax:128.0]]
[2023.03.28-07.10.30:696][  0]LogConfig: Setting CVar [[r.SkyAtmosphere.SampleCountMin:4.0]]
[2023.03.28-07.10.30:696][  0]LogConfig: Setting CVar [[r.SkyAtmosphere.SampleCountMax:128.0]]
[2023.03.28-07.10.30:696][  0]LogConfig: Setting CVar [[r.SkyAtmosphere.TransmittanceLUT.UseSmallFormat:0]]
[2023.03.28-07.10.30:696][  0]LogConfig: Setting CVar [[r.SkyAtmosphere.TransmittanceLUT.SampleCount:10.0]]
[2023.03.28-07.10.30:696][  0]LogConfig: Setting CVar [[r.SkyAtmosphere.MultiScatteringLUT.SampleCount:15.0]]
[2023.03.28-07.10.30:696][  0]LogConfig: Setting CVar [[r.SkyLight.RealTimeReflectionCapture:1]]
[2023.03.28-07.10.30:696][  0]LogConfig: Applying CVar settings from Section [FoliageQuality@3] File [C:/Users/natha/OneDrive/Repo/CertIIPlatformer/Platformer/Saved/Config/Windows/Scalability.ini]
[2023.03.28-07.10.30:696][  0]LogConfig: Setting CVar [[foliage.DensityScale:1.0]]
[2023.03.28-07.10.30:696][  0]LogConfig: Setting CVar [[grass.DensityScale:1.0]]
[2023.03.28-07.10.30:696][  0]LogConfig: Applying CVar settings from Section [ShadingQuality@3] File [C:/Users/natha/OneDrive/Repo/CertIIPlatformer/Platformer/Saved/Config/Windows/Scalability.ini]
[2023.03.28-07.10.30:696][  0]LogConfig: Setting CVar [[r.HairStrands.SkyLighting.IntegrationType:2]]
[2023.03.28-07.10.30:696][  0]LogConfig: Setting CVar [[r.HairStrands.SkyAO.SampleCount:4]]
[2023.03.28-07.10.30:697][  0]LogConfig: Setting CVar [[r.HairStrands.Visibility.MSAA.SamplePerPixel:4]]
[2023.03.28-07.10.30:697][  0]LogInit: Selected Device Profile: [Windows]
[2023.03.28-07.10.30:697][  0]LogInit: Applying CVar settings loaded from the selected device profile: [Windows]
[2023.03.28-07.10.30:697][  0]LogHAL: Display: Platform has ~ 16 GB [16931676160 / 17179869184 / 16], which maps to Larger [LargestMinGB=32, LargerMinGB=12, DefaultMinGB=8, SmallerMinGB=6, SmallestMinGB=0)
[2023.03.28-07.10.30:697][  0]LogInit: Going up to parent DeviceProfile []
[2023.03.28-07.10.30:697][  0]LogConfig: Applying CVar settings from Section [ViewDistanceQuality@3] File [C:/Users/natha/OneDrive/Repo/CertIIPlatformer/Platformer/Saved/Config/Windows/Scalability.ini]
[2023.03.28-07.10.30:697][  0]LogConfig: Setting CVar [[r.SkeletalMeshLODBias:0]]
[2023.03.28-07.10.30:697][  0]LogConfig: Setting CVar [[r.ViewDistanceScale:1.0]]
[2023.03.28-07.10.30:697][  0]LogConfig: Applying CVar settings from Section [AntiAliasingQuality@3] File [C:/Users/natha/OneDrive/Repo/CertIIPlatformer/Platformer/Saved/Config/Windows/Scalability.ini]
[2023.03.28-07.10.30:697][  0]LogConfig: Setting CVar [[r.PostProcessAAQuality:4]]
[2023.03.28-07.10.30:697][  0]LogConfig: Applying CVar settings from Section [ShadowQuality@3] File [C:/Users/natha/OneDrive/Repo/CertIIPlatformer/Platformer/Saved/Config/Windows/Scalability.ini]
[2023.03.28-07.10.30:697][  0]LogConfig: Setting CVar [[r.LightFunctionQuality:1]]
[2023.03.28-07.10.30:697][  0]LogConfig: Setting CVar [[r.ShadowQuality:5]]
[2023.03.28-07.10.30:697][  0]LogConfig: Setting CVar [[r.Shadow.CSM.MaxCascades:10]]
[2023.03.28-07.10.30:697][  0]LogConfig: Setting CVar [[r.Shadow.MaxResolution:2048]]
[2023.03.28-07.10.30:697][  0]LogConfig: Setting CVar [[r.Shadow.MaxCSMResolution:2048]]
[2023.03.28-07.10.30:697][  0]LogConfig: Setting CVar [[r.Shadow.RadiusThreshold:0.01]]
[2023.03.28-07.10.30:697][  0]LogConfig: Setting CVar [[r.Shadow.DistanceScale:1.0]]
[2023.03.28-07.10.30:697][  0]LogConfig: Setting CVar [[r.Shadow.CSM.TransitionScale:1.0]]
[2023.03.28-07.10.30:697][  0]LogConfig: Setting CVar [[r.Shadow.PreShadowResolutionFactor:1.0]]
[2023.03.28-07.10.30:697][  0]LogConfig: Setting CVar [[r.DistanceFieldShadowing:1]]
[2023.03.28-07.10.30:697][  0]LogConfig: Setting CVar [[r.DistanceFieldAO:1]]
[2023.03.28-07.10.30:697][  0]LogConfig: Setting CVar [[r.AOQuality:2]]
[2023.03.28-07.10.30:697][  0]LogConfig: Setting CVar [[r.VolumetricFog:1]]
[2023.03.28-07.10.30:697][  0]LogConfig: Setting CVar [[r.VolumetricFog.GridPixelSize:8]]
[2023.03.28-07.10.30:697][  0]LogConfig: Setting CVar [[r.VolumetricFog.GridSizeZ:128]]
[2023.03.28-07.10.30:697][  0]LogConfig: Setting CVar [[r.VolumetricFog.HistoryMissSupersampleCount:4]]
[2023.03.28-07.10.30:697][  0]LogConfig: Setting CVar [[r.LightMaxDrawDistanceScale:1]]
[2023.03.28-07.10.30:697][  0]LogConfig: Setting CVar [[r.CapsuleShadows:1]]
[2023.03.28-07.10.30:697][  0]LogConfig: Applying CVar settings from Section [PostProcessQuality@3] File [C:/Users/natha/OneDrive/Repo/CertIIPlatformer/Platformer/Saved/Config/Windows/Scalability.ini]
[2023.03.28-07.10.30:697][  0]LogConfig: Setting CVar [[r.MotionBlurQuality:4]]
[2023.03.28-07.10.30:697][  0]LogConfig: Setting CVar [[r.AmbientOcclusionMipLevelFactor:0.4]]
[2023.03.28-07.10.30:697][  0]LogConfig: Setting CVar [[r.AmbientOcclusionMaxQuality:100]]
[2023.03.28-07.10.30:697][  0]LogConfig: Setting CVar [[r.AmbientOcclusionLevels:-1]]
[2023.03.28-07.10.30:697][  0]LogConfig: Setting CVar [[r.AmbientOcclusionRadiusScale:1.0]]
[2023.03.28-07.10.30:697][  0]LogConfig: Setting CVar [[r.DepthOfFieldQuality:2]]
[2023.03.28-07.10.30:697][  0]LogConfig: Setting CVar [[r.RenderTargetPoolMin:400]]
[2023.03.28-07.10.30:697][  0]LogConfig: Setting CVar [[r.LensFlareQuality:2]]
[2023.03.28-07.10.30:697][  0]LogConfig: Setting CVar [[r.SceneColorFringeQuality:1]]
[2023.03.28-07.10.30:697][  0]LogConfig: Setting CVar [[r.EyeAdaptationQuality:2]]
[2023.03.28-07.10.30:697][  0]LogConfig: Setting CVar [[r.BloomQuality:5]]
[2023.03.28-07.10.30:697][  0]LogConfig: Setting CVar [[r.FastBlurThreshold:100]]
[2023.03.28-07.10.30:697][  0]LogConfig: Setting CVar [[r.Upscale.Quality:3]]
[2023.03.28-07.10.30:697][  0]LogConfig: Setting CVar [[r.Tonemapper.GrainQuantization:1]]
[2023.03.28-07.10.30:697][  0]LogConfig: Setting CVar [[r.LightShaftQuality:1]]
[2023.03.28-07.10.30:697][  0]LogConfig: Setting CVar [[r.Filter.SizeScale:1]]
[2023.03.28-07.10.30:697][  0]LogConfig: Setting CVar [[r.Tonemapper.Quality:5]]
[2023.03.28-07.10.30:697][  0]LogConfig: Setting CVar [[r.DOF.Gather.AccumulatorQuality:1        ; higher gathering accumulator quality]]
[2023.03.28-07.10.30:697][  0]LogConfig: Setting CVar [[r.DOF.Gather.PostfilterMethod:1          ; Median3x3 postfilering method]]
[2023.03.28-07.10.30:697][  0]LogConfig: Setting CVar [[r.DOF.Gather.EnableBokehSettings:0       ; no bokeh simulation when gathering]]
[2023.03.28-07.10.30:697][  0]LogConfig: Setting CVar [[r.DOF.Gather.RingCount:4                 ; medium number of samples when gathering]]
[2023.03.28-07.10.30:697][  0]LogConfig: Setting CVar [[r.DOF.Scatter.ForegroundCompositing:1    ; additive foreground scattering]]
[2023.03.28-07.10.30:697][  0]LogConfig: Setting CVar [[r.DOF.Scatter.BackgroundCompositing:2    ; additive background scattering]]
[2023.03.28-07.10.30:697][  0]LogConfig: Setting CVar [[r.DOF.Scatter.EnableBokehSettings:1      ; bokeh simulation when scattering]]
[2023.03.28-07.10.30:697][  0]LogConfig: Setting CVar [[r.DOF.Scatter.MaxSpriteRatio:0.1         ; only a maximum of 10% of scattered bokeh]]
[2023.03.28-07.10.30:697][  0]LogConfig: Setting CVar [[r.DOF.Recombine.Quality:1                ; cheap slight out of focus]]
[2023.03.28-07.10.30:697][  0]LogConfig: Setting CVar [[r.DOF.Recombine.EnableBokehSettings:0    ; no bokeh simulation on slight out of focus]]
[2023.03.28-07.10.30:697][  0]LogConfig: Setting CVar [[r.DOF.TemporalAAQuality:1                ; more stable temporal accumulation]]
[2023.03.28-07.10.30:697][  0]LogConfig: Setting CVar [[r.DOF.Kernel.MaxForegroundRadius:0.025]]
[2023.03.28-07.10.30:697][  0]LogConfig: Setting CVar [[r.DOF.Kernel.MaxBackgroundRadius:0.025]]
[2023.03.28-07.10.30:697][  0]LogConfig: Applying CVar settings from Section [TextureQuality@3] File [C:/Users/natha/OneDrive/Repo/CertIIPlatformer/Platformer/Saved/Config/Windows/Scalability.ini]
[2023.03.28-07.10.30:697][  0]LogConfig: Setting CVar [[r.Streaming.MipBias:0]]
[2023.03.28-07.10.30:697][  0]LogConfig: Setting CVar [[r.Streaming.AmortizeCPUToGPUCopy:0]]
[2023.03.28-07.10.30:697][  0]LogConfig: Setting CVar [[r.Streaming.MaxNumTexturesToStreamPerFrame:0]]
[2023.03.28-07.10.30:697][  0]LogConfig: Setting CVar [[r.Streaming.Boost:1]]
[2023.03.28-07.10.30:697][  0]LogConfig: Setting CVar [[r.MaxAnisotropy:8]]
[2023.03.28-07.10.30:697][  0]LogConfig: Setting CVar [[r.VT.MaxAnisotropy:8]]
[2023.03.28-07.10.30:697][  0]LogConfig: Setting CVar [[r.Streaming.LimitPoolSizeToVRAM:0]]
[2023.03.28-07.10.30:697][  0]LogConfig: Setting CVar [[r.Streaming.PoolSize:1000]]
[2023.03.28-07.10.30:697][  0]LogConfig: Setting CVar [[r.Streaming.MaxEffectiveScreenSize:0]]
[2023.03.28-07.10.30:697][  0]LogConfig: Applying CVar settings from Section [EffectsQuality@3] File [C:/Users/natha/OneDrive/Repo/CertIIPlatformer/Platformer/Saved/Config/Windows/Scalability.ini]
[2023.03.28-07.10.30:697][  0]LogConfig: Setting CVar [[r.TranslucencyLightingVolumeDim:64]]
[2023.03.28-07.10.30:697][  0]LogConfig: Setting CVar [[r.RefractionQuality:2]]
[2023.03.28-07.10.30:697][  0]LogConfig: Setting CVar [[r.SSR.Quality:3]]
[2023.03.28-07.10.30:697][  0]LogConfig: Setting CVar [[r.SSR.HalfResSceneColor:0]]
[2023.03.28-07.10.30:697][  0]LogConfig: Setting CVar [[r.SceneColorFormat:4]]
[2023.03.28-07.10.30:697][  0]LogConfig: Setting CVar [[r.DetailMode:2]]
[2023.03.28-07.10.30:697][  0]LogConfig: Setting CVar [[r.TranslucencyVolumeBlur:1]]
[2023.03.28-07.10.30:697][  0]LogConfig: Setting CVar [[r.MaterialQualityLevel:1 ; High quality]]
[2023.03.28-07.10.30:697][  0]LogConfig: Setting CVar [[r.AnisotropicMaterials:1]]
[2023.03.28-07.10.30:697][  0]LogConfig: Setting CVar [[r.SSS.Scale:1]]
[2023.03.28-07.10.30:697][  0]LogConfig: Setting CVar [[r.SSS.SampleSet:2]]
[2023.03.28-07.10.30:697][  0]LogConfig: Setting CVar [[r.SSS.Quality:1]]
[2023.03.28-07.10.30:697][  0]LogConfig: Setting CVar [[r.SSS.HalfRes:0]]
[2023.03.28-07.10.30:697][  0]LogConfig: Setting CVar [[r.SSGI.Quality:3]]
[2023.03.28-07.10.30:697][  0]LogConfig: Setting CVar [[r.EmitterSpawnRateScale:1.0]]
[2023.03.28-07.10.30:697][  0]LogConfig: Setting CVar [[r.ParticleLightQuality:2]]
[2023.03.28-07.10.30:697][  0]LogConfig: Setting CVar [[r.SkyAtmosphere.AerialPerspectiveLUT.FastApplyOnOpaque:1 ; Always have FastSkyLUT 1 in this case to avoid wrong sky]]
[2023.03.28-07.10.30:697][  0]LogConfig: Setting CVar [[r.SkyAtmosphere.AerialPerspectiveLUT.SampleCountMaxPerSlice:4]]
[2023.03.28-07.10.30:697][  0]LogConfig: Setting CVar [[r.SkyAtmosphere.AerialPerspectiveLUT.DepthResolution:16.0]]
[2023.03.28-07.10.30:697][  0]LogConfig: Setting CVar [[r.SkyAtmosphere.FastSkyLUT:1]]
[2023.03.28-07.10.30:697][  0]LogConfig: Setting CVar [[r.SkyAtmosphere.FastSkyLUT.SampleCountMin:4.0]]
[2023.03.28-07.10.30:697][  0]LogConfig: Setting CVar [[r.SkyAtmosphere.FastSkyLUT.SampleCountMax:128.0]]
[2023.03.28-07.10.30:697][  0]LogConfig: Setting CVar [[r.SkyAtmosphere.SampleCountMin:4.0]]
[2023.03.28-07.10.30:697][  0]LogConfig: Setting CVar [[r.SkyAtmosphere.SampleCountMax:128.0]]
[2023.03.28-07.10.30:697][  0]LogConfig: Setting CVar [[r.SkyAtmosphere.TransmittanceLUT.UseSmallFormat:0]]
[2023.03.28-07.10.30:697][  0]LogConfig: Setting CVar [[r.SkyAtmosphere.TransmittanceLUT.SampleCount:10.0]]
[2023.03.28-07.10.30:697][  0]LogConfig: Setting CVar [[r.SkyAtmosphere.MultiScatteringLUT.SampleCount:15.0]]
[2023.03.28-07.10.30:697][  0]LogConfig: Setting CVar [[r.SkyLight.RealTimeReflectionCapture:1]]
[2023.03.28-07.10.30:697][  0]LogConfig: Applying CVar settings from Section [FoliageQuality@3] File [C:/Users/natha/OneDrive/Repo/CertIIPlatformer/Platformer/Saved/Config/Windows/Scalability.ini]
[2023.03.28-07.10.30:697][  0]LogConfig: Setting CVar [[foliage.DensityScale:1.0]]
[2023.03.28-07.10.30:697][  0]LogConfig: Setting CVar [[grass.DensityScale:1.0]]
[2023.03.28-07.10.30:697][  0]LogConfig: Applying CVar settings from Section [ShadingQuality@3] File [C:/Users/natha/OneDrive/Repo/CertIIPlatformer/Platformer/Saved/Config/Windows/Scalability.ini]
[2023.03.28-07.10.30:697][  0]LogConfig: Setting CVar [[r.HairStrands.SkyLighting.IntegrationType:2]]
[2023.03.28-07.10.30:697][  0]LogConfig: Setting CVar [[r.HairStrands.SkyAO.SampleCount:4]]
[2023.03.28-07.10.30:697][  0]LogConfig: Setting CVar [[r.HairStrands.Visibility.MSAA.SamplePerPixel:4]]
[2023.03.28-07.10.30:697][  0]LogConfig: Applying CVar settings from Section [Startup] File [../../../Engine/Config/ConsoleVariables.ini]
[2023.03.28-07.10.30:698][  0]LogConfig: Setting CVar [[net.UseAdaptiveNetUpdateFrequency:0]]
[2023.03.28-07.10.30:698][  0]LogConfig: Setting CVar [[p.chaos.AllowCreatePhysxBodies:1]]
[2023.03.28-07.10.30:698][  0]LogConfig: Setting CVar [[fx.SkipVectorVMBackendOptimizations:1]]
[2023.03.28-07.10.30:698][  0]LogConfig: Applying CVar settings from Section [ConsoleVariables] File [C:/Users/natha/OneDrive/Repo/CertIIPlatformer/Platformer/Saved/Config/Windows/Engine.ini]
[2023.03.28-07.10.30:698][  0]LogConfig: Applying CVar settings from Section [ConsoleVariables] File [C:/Users/natha/OneDrive/Repo/CertIIPlatformer/Platformer/Saved/Config/Windows/Editor.ini]
[2023.03.28-07.10.30:698][  0]LogInit: Computer: LAPTOP-ML8IAPC2
[2023.03.28-07.10.30:698][  0]LogInit: User: natha
[2023.03.28-07.10.30:698][  0]LogInit: CPU Page size=4096, Cores=8
[2023.03.28-07.10.30:698][  0]LogInit: High frequency timer resolution =10.000000 MHz
[2023.03.28-07.10.30:698][  0]LogMemory: Memory total: Physical=15.8GB (16GB approx)
[2023.03.28-07.10.30:698][  0]LogMemory: Platform Memory Stats for Windows
[2023.03.28-07.10.30:698][  0]LogMemory: Process Physical Memory: 148.88 MB used, 148.88 MB peak
[2023.03.28-07.10.30:698][  0]LogMemory: Process Virtual Memory: 131.54 MB used, 131.54 MB peak
[2023.03.28-07.10.30:698][  0]LogMemory: Physical Memory: 9810.76 MB used,  6336.54 MB free, 16147.30 MB total
[2023.03.28-07.10.30:698][  0]LogMemory: Virtual Memory: 134209824.00 MB used,  7901.14 MB free, 134217728.00 MB total
[2023.03.28-07.10.30:703][  0]LogWindows: WindowsPlatformFeatures enabled
[2023.03.28-07.10.30:734][  0]LogInit: Physics initialised using underlying interface: PhysX
[2023.03.28-07.10.30:735][  0]LogInit: Using OS detected language (en-GB).
[2023.03.28-07.10.30:735][  0]LogInit: Using OS detected locale (en-AU).
[2023.03.28-07.10.30:740][  0]LogTextLocalizationManager: No specific localization for 'en-GB' exists, so the 'en' localization will be used.
[2023.03.28-07.10.30:883][  0]LogInit: Setting process to per monitor DPI aware
[2023.03.28-07.10.30:894][  0]LogWindowsTextInputMethodSystem: Display: IME system deactivated.
[2023.03.28-07.10.30:904][  0]LogSlate: New Slate User Created.  User Index 0, Is Virtual User: 0
[2023.03.28-07.10.30:904][  0]LogSlate: Slate User Registered.  User Index 0, Is Virtual User: 0
[2023.03.28-07.10.30:992][  0]LogD3D11RHI: Loaded GFSDK_Aftermath_Lib.x64.dll
[2023.03.28-07.10.31:022][  0]LogHMD: Failed to initialize OpenVR with code 110
[2023.03.28-07.10.31:022][  0]LogD3D11RHI: D3D11 min allowed feature level: 11_0
[2023.03.28-07.10.31:022][  0]LogD3D11RHI: D3D11 max allowed feature level: 11_0
[2023.03.28-07.10.31:022][  0]LogD3D11RHI: D3D11 adapters:
[2023.03.28-07.10.31:121][  0]LogD3D11RHI:    0. 'NVIDIA GeForce RTX 3060 Laptop GPU' (Feature Level 11_0)
[2023.03.28-07.10.31:121][  0]LogD3D11RHI:       6009/0/8073 MB DedicatedVideo/DedicatedSystem/SharedSystem, Outputs:2, VendorId:0x10de
[2023.03.28-07.10.31:147][  0]LogD3D11RHI:    1. 'Intel(R) UHD Graphics' (Feature Level 11_0)
[2023.03.28-07.10.31:147][  0]LogD3D11RHI:       128/0/8073 MB DedicatedVideo/DedicatedSystem/SharedSystem, Outputs:0, VendorId:0x8086
[2023.03.28-07.10.31:149][  0]LogD3D11RHI:    2. 'Microsoft Basic Render Driver' (Feature Level 11_0)
[2023.03.28-07.10.31:149][  0]LogD3D11RHI:       0/0/8073 MB DedicatedVideo/DedicatedSystem/SharedSystem, Outputs:0, VendorId:0x1414
[2023.03.28-07.10.31:149][  0]LogD3D11RHI: Chosen D3D11 Adapter:
[2023.03.28-07.10.31:149][  0]LogD3D11RHI:     Description : NVIDIA GeForce RTX 3060 Laptop GPU
[2023.03.28-07.10.31:149][  0]LogD3D11RHI:     VendorId    : 10de
[2023.03.28-07.10.31:149][  0]LogD3D11RHI:     DeviceId    : 2520
[2023.03.28-07.10.31:149][  0]LogD3D11RHI:     SubSysId    : 15471025
[2023.03.28-07.10.31:149][  0]LogD3D11RHI:     Revision    : 00a1
[2023.03.28-07.10.31:149][  0]LogD3D11RHI:     DedicatedVideoMemory : 6300893184 bytes
[2023.03.28-07.10.31:149][  0]LogD3D11RHI:     DedicatedSystemMemory : 0 bytes
[2023.03.28-07.10.31:149][  0]LogD3D11RHI:     SharedSystemMemory : 8465838080 bytes
[2023.03.28-07.10.31:149][  0]LogD3D11RHI:     AdapterLuid : 0 72915
[2023.03.28-07.10.31:155][  0]LogD3D11RHI: Creating new Direct3DDevice
[2023.03.28-07.10.31:155][  0]LogD3D11RHI:     GPU DeviceId: 0x2520 (for the marketing name, search the web for "GPU Device Id")
[2023.03.28-07.10.31:155][  0]LogWindows: EnumDisplayDevices:
[2023.03.28-07.10.31:155][  0]LogWindows:    0. 'Intel(R) UHD Graphics' (P:1 D:1)
[2023.03.28-07.10.31:156][  0]LogWindows:    1. 'Intel(R) UHD Graphics' (P:0 D:1)
[2023.03.28-07.10.31:156][  0]LogWindows:    2. 'Intel(R) UHD Graphics' (P:0 D:0)
[2023.03.28-07.10.31:156][  0]LogWindows:    3. 'Intel(R) UHD Graphics' (P:0 D:0)
[2023.03.28-07.10.31:156][  0]LogWindows:    4. 'NVIDIA GeForce RTX 3060 Laptop GPU' (P:0 D:0)
[2023.03.28-07.10.31:156][  0]LogWindows:    5. 'NVIDIA GeForce RTX 3060 Laptop GPU' (P:0 D:0)
[2023.03.28-07.10.31:156][  0]LogWindows:    6. 'NVIDIA GeForce RTX 3060 Laptop GPU' (P:0 D:0)
[2023.03.28-07.10.31:156][  0]LogWindows:    7. 'NVIDIA GeForce RTX 3060 Laptop GPU' (P:0 D:0)
[2023.03.28-07.10.31:156][  0]LogWindows: DebugString: PrimaryIsNotTheChoosenAdapter PrimaryIsNotTheChoosenAdapter PrimaryIsNotTheChoosenAdapter PrimaryIsNotTheChoosenAdapter FoundDriverCount:4 
[2023.03.28-07.10.31:156][  0]LogD3D11RHI:     Adapter Name: NVIDIA GeForce RTX 3060 Laptop GPU
[2023.03.28-07.10.31:156][  0]LogD3D11RHI:   Driver Version: 528.24 (internal:31.0.15.2824, unified:528.24)
[2023.03.28-07.10.31:156][  0]LogD3D11RHI:      Driver Date: 1-15-2023
[2023.03.28-07.10.31:156][  0]LogRHI: Texture pool is 4206 MB (70% of 6009 MB)
[2023.03.28-07.10.31:156][  0]LogD3D11RHI: Creating D3DDevice using adapter:
[2023.03.28-07.10.31:156][  0]LogD3D11RHI:     Description : NVIDIA GeForce RTX 3060 Laptop GPU
[2023.03.28-07.10.31:156][  0]LogD3D11RHI:     VendorId    : 10de
[2023.03.28-07.10.31:156][  0]LogD3D11RHI:     DeviceId    : 2520
[2023.03.28-07.10.31:156][  0]LogD3D11RHI:     SubSysId    : 15471025
[2023.03.28-07.10.31:156][  0]LogD3D11RHI:     Revision    : 00a1
[2023.03.28-07.10.31:156][  0]LogD3D11RHI:     DedicatedVideoMemory : 6300893184 bytes
[2023.03.28-07.10.31:156][  0]LogD3D11RHI:     DedicatedSystemMemory : 0 bytes
[2023.03.28-07.10.31:156][  0]LogD3D11RHI:     SharedSystemMemory : 8465838080 bytes
[2023.03.28-07.10.31:156][  0]LogD3D11RHI:     AdapterLuid : 0 72915
[2023.03.28-07.10.31:204][  0]LogD3D11RHI: RHI has support for 64 bit atomics
[2023.03.28-07.10.31:205][  0]LogD3D11RHI: Async texture creation enabled
[2023.03.28-07.10.31:205][  0]LogD3D11RHI: Array index from any shader is supported
[2023.03.28-07.10.31:225][  0]LogD3D11RHI: GPU Timing Frequency: 1000.000000 (Debug: 2 1)
[2023.03.28-07.10.31:248][  0]LogRHI: GeForceNow SDK initialized: 1
[2023.03.28-07.10.31:491][  0]LogTargetPlatformManager: Display: Loaded TargetPlatform 'AllDesktop'
[2023.03.28-07.10.31:509][  0]LogTargetPlatformManager: Display: Loaded TargetPlatform 'Android'
[2023.03.28-07.10.31:509][  0]LogTargetPlatformManager: Display: Loaded TargetPlatform 'Android_ASTC'
[2023.03.28-07.10.31:509][  0]LogTargetPlatformManager: Display: Loaded TargetPlatform 'Android_DXT'
[2023.03.28-07.10.31:509][  0]LogTargetPlatformManager: Display: Loaded TargetPlatform 'Android_ETC2'
[2023.03.28-07.10.31:509][  0]LogTargetPlatformManager: Display: Loaded TargetPlatform 'AndroidClient'
[2023.03.28-07.10.31:509][  0]LogTargetPlatformManager: Display: Loaded TargetPlatform 'Android_ASTCClient'
[2023.03.28-07.10.31:509][  0]LogTargetPlatformManager: Display: Loaded TargetPlatform 'Android_DXTClient'
[2023.03.28-07.10.31:509][  0]LogTargetPlatformManager: Display: Loaded TargetPlatform 'Android_ETC2Client'
[2023.03.28-07.10.31:509][  0]LogTargetPlatformManager: Display: Loaded TargetPlatform 'Android_Multi'
[2023.03.28-07.10.31:509][  0]LogTargetPlatformManager: Display: Loaded TargetPlatform 'Android_MultiClient'
[2023.03.28-07.10.31:524][  0]LogTargetPlatformManager: Display: Loaded TargetPlatform 'IOSClient'
[2023.03.28-07.10.31:524][  0]LogTargetPlatformManager: Display: Loaded TargetPlatform 'IOS'
[2023.03.28-07.10.31:531][  0]LogTargetPlatformManager: Display: Loaded TargetPlatform 'Linux'
[2023.03.28-07.10.31:536][  0]LogTargetPlatformManager: Display: Loaded TargetPlatform 'LinuxNoEditor'
[2023.03.28-07.10.31:539][  0]LogTargetPlatformManager: Display: Loaded TargetPlatform 'LinuxClient'
[2023.03.28-07.10.31:543][  0]LogTargetPlatformManager: Display: Loaded TargetPlatform 'LinuxServer'
[2023.03.28-07.10.31:550][  0]LogTargetPlatformManager: Display: Loaded TargetPlatform 'LinuxAArch64NoEditor'
[2023.03.28-07.10.31:553][  0]LogTargetPlatformManager: Display: Loaded TargetPlatform 'LinuxAArch64Client'
[2023.03.28-07.10.31:557][  0]LogTargetPlatformManager: Display: Loaded TargetPlatform 'LinuxAArch64Server'
[2023.03.28-07.10.31:575][  0]LogTargetPlatformManager: Display: Loaded TargetPlatform 'Lumin'
[2023.03.28-07.10.31:575][  0]LogTargetPlatformManager: Display: Loaded TargetPlatform 'LuminClient'
[2023.03.28-07.10.31:581][  0]LogTargetPlatformManager: Display: Loaded TargetPlatform 'MacNoEditor'
[2023.03.28-07.10.31:585][  0]LogTargetPlatformManager: Display: Loaded TargetPlatform 'Mac'
[2023.03.28-07.10.31:588][  0]LogTargetPlatformManager: Display: Loaded TargetPlatform 'MacClient'
[2023.03.28-07.10.31:592][  0]LogTargetPlatformManager: Display: Loaded TargetPlatform 'MacServer'
[2023.03.28-07.10.31:599][  0]LogTargetPlatformManager: Display: Loaded TargetPlatform 'TVOSClient'
[2023.03.28-07.10.31:599][  0]LogTargetPlatformManager: Display: Loaded TargetPlatform 'TVOS'
[2023.03.28-07.10.31:607][  0]LogTargetPlatformManager: Display: Loaded TargetPlatform 'WindowsNoEditor'
[2023.03.28-07.10.31:611][  0]LogTargetPlatformManager: Display: Loaded TargetPlatform 'Windows'
[2023.03.28-07.10.31:615][  0]LogTargetPlatformManager: Display: Loaded TargetPlatform 'WindowsClient'
[2023.03.28-07.10.31:618][  0]LogTargetPlatformManager: Display: Loaded TargetPlatform 'WindowsServer'
[2023.03.28-07.10.31:618][  0]LogTargetPlatformManager: Display: Building Assets For Windows
[2023.03.28-07.10.31:624][  0]LogAudioDebug: Display: Lib vorbis DLL was dynamically loaded.
[2023.03.28-07.10.31:650][  0]LogTextureFormatOodle: Display: Oodle Texture 2.9.0 init RDO Off
[2023.03.28-07.10.31:677][  0]LogRendererCore: Ray tracing is disabled. Reason: r.RayTracing=0.
[2023.03.28-07.10.31:677][  0]LogShaderCompilers: Guid format shader working directory is -25 characters bigger than the processId version (../../../../../../Users/natha/OneDrive/Repo/CertIIPlatformer/Platformer/Intermediate/Shaders/WorkingDirectory/9588/).
[2023.03.28-07.10.31:677][  0]LogShaderCompilers: Cleaned the shader compiler working directory 'C:/Users/natha/AppData/Local/Temp/UnrealShaderWorkingDir/A218944C4D167A3EEC58008BEF8755D7/'.
[2023.03.28-07.10.31:677][  0]LogXGEController: Cannot use XGE Controller as Incredibuild is not installed on this machine.
[2023.03.28-07.10.31:677][  0]LogShaderCompilers: Cannot use XGE Shader Compiler as Incredibuild is not installed on this machine.
[2023.03.28-07.10.31:677][  0]LogShaderCompilers: Display: Using Local Shader Compiler.
[2023.03.28-07.10.32:230][  0]LogDerivedDataCache: Display: Max Cache Size: 512 MB
[2023.03.28-07.10.32:281][  0]LogDerivedDataCache: Loaded boot cache 0.05s 94MB C:/Users/natha/AppData/Local/UnrealEngine/4.27/DerivedDataCache/Boot.ddc.
[2023.03.28-07.10.32:281][  0]LogDerivedDataCache: Display: Loaded Boot cache: C:/Users/natha/AppData/Local/UnrealEngine/4.27/DerivedDataCache/Boot.ddc
[2023.03.28-07.10.32:281][  0]LogDerivedDataCache: FDerivedDataBackendGraph:  Pak pak cache file ../../../../../../Users/natha/OneDrive/Repo/CertIIPlatformer/Platformer/DerivedDataCache/DDC.ddp not found, will not use a pak cache.
[2023.03.28-07.10.32:281][  0]LogDerivedDataCache: Unable to find inner node Pak for hierarchical cache Hierarchy.
[2023.03.28-07.10.32:281][  0]LogDerivedDataCache: FDerivedDataBackendGraph:  CompressedPak pak cache file ../../../../../../Users/natha/OneDrive/Repo/CertIIPlatformer/Platformer/DerivedDataCache/Compressed.ddp not found, will not use a pak cache.
[2023.03.28-07.10.32:281][  0]LogDerivedDataCache: Unable to find inner node CompressedPak for hierarchical cache Hierarchy.
[2023.03.28-07.10.32:295][  0]LogDerivedDataCache: Display: Pak cache opened for reading ../../../Engine/DerivedDataCache/Compressed.ddp.
[2023.03.28-07.10.32:295][  0]LogDerivedDataCache: FDerivedDataBackendGraph:  EnterprisePak pak cache file ../../../Enterprise/DerivedDataCache/Compressed.ddp not found, will not use a pak cache.
[2023.03.28-07.10.32:295][  0]LogDerivedDataCache: Unable to find inner node EnterprisePak for hierarchical cache Hierarchy.
[2023.03.28-07.10.32:305][  0]LogDerivedDataCache: Speed tests for C:/Users/natha/AppData/Local/UnrealEngine/Common/DerivedDataCache took 0.01 seconds
[2023.03.28-07.10.32:305][  0]LogDerivedDataCache: Display: Performance to C:/Users/natha/AppData/Local/UnrealEngine/Common/DerivedDataCache: Latency=0.03ms. RandomReadSpeed=1620.51MBs, RandomWriteSpeed=100.52MBs. Assigned SpeedClass 'Local'
[2023.03.28-07.10.32:306][  0]LogDerivedDataCache: Using Local data cache path C:/Users/natha/AppData/Local/UnrealEngine/Common/DerivedDataCache: Writable
[2023.03.28-07.10.32:306][  0]LogDerivedDataCache: Shared data cache path not found in *engine.ini, will not use an Shared cache.
[2023.03.28-07.10.32:306][  0]LogDerivedDataCache: Unable to find inner node Shared for hierarchical cache Hierarchy.
[2023.03.28-07.10.32:341][  0]LogSlate: Using FreeType 2.10.0
[2023.03.28-07.10.32:343][  0]LogSlate: SlateFontServices - WITH_FREETYPE: 1, WITH_HARFBUZZ: 1
[2023.03.28-07.10.32:361][  0]LogAssetRegistry: FAssetRegistry took 0.0022 seconds to start up
[2023.03.28-07.10.32:538][  0]LogInit: Selected Device Profile: [Windows]
[2023.03.28-07.10.32:538][  0]LogInit: Active device profile: [000001DE48FE2500][000001DE4246AF00 49] Windows
[2023.03.28-07.10.32:538][  0]LogInit: Profiles: [000001DE48FE2500][000001DE4246AF00 49] Windows, [000001DE4A392900][000001DE3EDB5080 49] WindowsNoEditor, [000001DE48FE2E00][000001DE3EDB9200 49] WindowsServer, [000001DE4A391300][000001DE3EDBD380 49] WindowsClient, [000001DE48FE1B00][000001DE3EDC5500 49] IOS, [000001DE4A391700][000001DE3EDCD680 49] iPadAir, [000001DE48FE1500][000001DE3EDD5800 49] iPadAir2, [000001DE4A0F6500][000001DE3EDDDAC0 49] IPadPro, [000001DE4A0F6600][000001DE3EDD9B00 49] iPadAir3, [000001DE48FE3E00][000001DE3E9A2100 49] iPadAir4, [000001DE4A0F6900][000001DE3E9A6280 49] iPadMini2, [000001DE48FE2D00][000001DE3E9B2400 49] iPadMini3, [000001DE4A0F6A00][000001DE3EDF0580 49] iPadMini4, [000001DE48FE1600][000001DE49F5C700 49] iPadMini5, [000001DE4A135E00][000001DE4246E980 49] iPhone6, [000001DE4A135F00][000001DE49F609C0 49] iPodTouch6, [000001DE4A0F5F00][000001DE49F68C00 49] iPhone7, [000001DE4A0F6000][000001DE49F64C40 49] iPodTouch7, [000001DE4A136300][000001DE49F6CD80 49] iPhone5S, [000001DE4A0F5500][000001DE49F74F00 49] iPhone6Plus, [000001DE4A134500][000001DE49F79080 49] iPhone6S, [000001DE4A0F5400][000001DE49DE5200 49] iPhone6SPlus, [000001DE4A135D00][000001DE49DE9380 49] iPhone7Plus, [000001DE4A0F6800][000001DE49DED500 49] iPhoneSE, [000001DE4A135600][000001DE49DF1680 49] iPhone8, [000001DE4A0F4500][000001DE49DF5800 49] iPhone8Plus, [000001DE4A137800][000001DE49DF9980 49] iPhoneX, [000001DE4A0F6700][000001DE49DFDB00 49] iPhoneXS, [000001DE4A134A00][000001DE4245E100 49] iPhoneXSMax, [000001DE4A0F7C00][000001DE42462280 49] iPhoneXR, [000001DE4A137000][000001DE3EDB0400 49] iPhone11, [000001DE4A0F4900][000001DE4B0C6580 49] iPhone11Pro, [000001DE4A134D00][000001DE4B0D4700 49] iPhone11ProMax, [000001DE4A0F6400][000001DE4B0E2880 49] iPhoneSE2, [000001DE4A134800][000001DE4B0E6A00 49] iPhone12Mini, [000001DE4A0F5E00][000001DE49F70B40 49] iPhone12, [000001DE4A136800][000001DE4B0EAC80 49] iPhone12Pro, [000001DE4A0F6100][000001DE4B0EEDC0 49] iPhone12ProMax, [000001DE4A135500][000001DE4B0F2F00 49] iPadPro105, [000001DE4A0F5A00][000001DE4B75B080 49] iPadPro129, [000001DE4A137500][000001DE49D75200 49] iPadPro97, [000001DE4A0F6E00][000001DE49D79380 49] iPadPro2_129, [000001DE4A134300][000001DE49D7D500 49] iPad5, [000001DE4A0F4800][000001DE49D95680 49] iPad6, [000001DE4A136D00][000001DE49DA1800 49] iPad7, [000001DE4A392B00][000001DE49DA5980 49] iPad8, [000001DE491A9A00][000001DE49DA9B00 49] iPadPro11, [000001DE4A391C00][000001DE49DAC100 49] iPadPro2_11, [000001DE491A9000][000001DE49DB0280 49] iPadPro3_129, [000001DE4A390400][000001DE49DB4400 49] iPadPro4_129, [000001DE491A9600][000001DE49DBC580 49] AppleTV, [000001DE4A390700][000001DE49DC0700 49] AppleTV4K, [000001DE4A0F7200][000001DE3ED44880 49] TVOS, [000001DE4A390900][000001DE3ED78A00 49] Mac, [000001DE4A0F7F00][000001DE3ED7CB80 49] MacClient, [000001DE4A392000][000001DE49DC4D00 49] MacNoEditor, [000001DE4A137A00][000001DE4B756E40 49] MacServer, [000001DE4A392600][000001DE49DC8F80 49] Linux, [000001DE4A136B00][000001DE3ED750C0 49] LinuxAArch64, [000001DE4A390600][000001DE49DCD240 49] LinuxNoEditor, [000001DE4A134E00][000001DE49DD13C0 49] LinuxAArch64NoEditor, [000001DE4A390300][000001DE49DD5540 49] LinuxClient, [000001DE4A134B00][000001DE49DD96C0 49] LinuxAArch64Client, [000001DE4A392800][000001DE49DDD840 49] LinuxServer, [000001DE4A134200][000001DE49DE19C0 49] LinuxAArch64Server, [000001DE4A392500][000001DE4B32FB40 49] Android, [000001DE4A134900][000001DE4B332140 49] Android_Low, [000001DE4A393F00][000001DE4245A2C0 49] Android_Mid, [000001DE4A137400][000001DE3E9AA440 49] Android_High, [000001DE4A392D00][000001DE3E9AE5C0 49] Android_Default, [000001DE4A136100][000001DE4B336740 49] Android_Adreno4xx, [000001DE4A391E00][000001DE4B33A8C0 49] Android_Adreno5xx_Low, [000001DE4A137200][000001DE4B33EA40 49] Android_Adreno5xx, [000001DE4A393900][000001DE4B342BC0 49] Android_Adreno6xx, [000001DE4A137D00][000001DE4B346D40 49] Android_Adreno6xx_Vulkan, [000001DE4A392300][000001DE4B34AEC0 49] Android_Mali_T6xx, [000001DE4A135400][000001DE49DB9000 49] Android_Mali_T7xx, [000001DE4A390E00][000001DE4B34F140 49] Android_Mali_T8xx, [000001DE4A136200][000001DE4B353280 49] Android_Mali_G71, [000001DE4A393000][000001DE49F033C0 49] Android_Mali_G72, [000001DE4A137700][000001DE49F0B540 49] Android_Mali_G72_Vulkan, [000001DE4A391A00][000001DE49F0F6C0 49] Android_Mali_G76, [000001DE4A137900][000001DE49F13840 49] Android_Mali_G76_Vulkan, [000001DE4A393800][000001DE49F179C0 49] Android_Mali_G77, [000001DE4A135200][000001DE49F1BB40 49] Android_Mali_G77_Vulkan, [000001DE4A391600][000001DE49F1E140 49] Android_Mali_G78, [000001DE4A136700][000001DE49F222C0 49] Android_Mali_G78_Vulkan, [000001DE4A390500][000001DE49F26440 49] Android_Mali_G710, [000001DE4A136F00][000001DE423F45C0 49] Android_Mali_G710_Vulkan, [000001DE4A393500][000001DE423F8740 49] Android_Vulkan_SM5, [000001DE4A135700][000001DE423FC8C0 49] Android_PowerVR_G6xxx, [000001DE4A391800][000001DE42400A40 49] Android_PowerVR_GT7xxx, [000001DE4A136C00][000001DE42404BC0 49] Android_PowerVR_GE8xxx, [000001DE4A393100][000001DE42408D40 49] Android_PowerVR_GM9xxx, [000001DE4A137600][000001DE4240CEC0 49] Android_PowerVR_GM9xxx_Vulkan, [000001DE4A393200][000001DE42411040 49] Android_TegraK1, [000001DE4A134F00][000001DE49F07180 49] Android_Unknown_Vulkan, [000001DE4A390800][000001DE424152C0 49] Lumin, [000001DE4A136600][000001DE42419400 49] Lumin_Desktop, [000001DE48FE0100][000001DE4241D540 49] HoloLens, 
[2023.03.28-07.10.32:640][  0]LogMeshReduction: Using QuadricMeshReduction for automatic static mesh reduction
[2023.03.28-07.10.32:640][  0]LogMeshReduction: Using SimplygonMeshReduction for automatic skeletal mesh reduction
[2023.03.28-07.10.32:640][  0]LogMeshReduction: Using ProxyLODMeshReduction for automatic mesh merging
[2023.03.28-07.10.32:640][  0]LogMeshReduction: No distributed automatic mesh merging module available
[2023.03.28-07.10.32:640][  0]LogMeshMerging: No distributed automatic mesh merging module available
[2023.03.28-07.10.32:654][  0]LogNetVersion: Platformer 1.0.0, NetCL: 17155196, EngineNetVer: 17, GameNetVer: 0 (Checksum: 2425206388)
[2023.03.28-07.10.32:946][  0]LogTexture: Default maximum texture size for cubemaps generated from long-lat sources has been changed from 512 to unlimited. In order to preserve old behaiour for '/Engine/MapTemplates/Sky/DaylightAmbientCubemap.DaylightAmbientCubemap', its maximum texture size has been explicitly set to 512.
[2023.03.28-07.10.33:002][  0]LogHMD: PokeAHoleMaterial loaded successfully
[2023.03.28-07.10.33:006][  0]LogUObjectArray: 17178 objects as part of root set at end of initial load.
[2023.03.28-07.10.33:006][  0]LogUObjectAllocator: 4302048 out of 0 bytes used by permanent object pool.
[2023.03.28-07.10.33:006][  0]LogUObjectArray: CloseDisregardForGC: 0/0 objects in disregard for GC pool
[2023.03.28-07.10.33:303][  0]LogNiagaraDebuggerClient: Niagara Debugger Client Initialized | Session: F017F6EE408FBFA42F917583749EB01A | Instance: 793CDA7047AE0523CB0DBEA911F41A5B (LAPTOP-ML8IAPC2-9588).
[2023.03.28-07.10.33:341][  0]LogUdpMessaging: Initializing bridge on interface 0.0.0.0:0 to multicast group 230.0.0.1:6666.
[2023.03.28-07.10.33:347][  0]LogTcpMessaging: Initializing TcpMessaging bridge
[2023.03.28-07.10.33:356][  0]LogPython: Using Python 3.7.7
[2023.03.28-07.10.33:845][  0]SourceControl: Source control is disabled
[2023.03.28-07.10.33:845][  0]SourceControl: Source control is disabled
[2023.03.28-07.10.33:852][  0]SourceControl: Source control is disabled
[2023.03.28-07.10.33:855][  0]SourceControl: Source control is disabled
[2023.03.28-07.10.33:860][  0]SourceControl: Source control is disabled
[2023.03.28-07.10.33:868][  0]LogUProjectInfo: Found projects:
[2023.03.28-07.10.34:074][  0]LogOpenImageDenoise: OIDN starting up
[2023.03.28-07.10.34:092][  0]LogAndroidPermission: UAndroidPermissionCallbackProxy::GetInstance
[2023.03.28-07.10.34:107][  0]LogAudioCaptureCore: Display: No Audio Capture implementations found. Audio input will be silent.
[2023.03.28-07.10.34:107][  0]LogAudioCaptureCore: Display: No Audio Capture implementations found. Audio input will be silent.
[2023.03.28-07.10.34:208][  0]LogCollectionManager: Loaded 0 collections in 0.001417 seconds
[2023.03.28-07.10.34:228][  0]LogFileCache: Scanning file cache for directory 'C:/Users/natha/OneDrive/Repo/CertIIPlatformer/Platformer/Saved/Collections/' took 0.00s
[2023.03.28-07.10.34:228][  0]LogFileCache: Scanning file cache for directory 'C:/Users/natha/OneDrive/Repo/CertIIPlatformer/Platformer/Content/Developers/natha/Collections/' took 0.00s
[2023.03.28-07.10.34:228][  0]LogFileCache: Scanning file cache for directory 'C:/Users/natha/OneDrive/Repo/CertIIPlatformer/Platformer/Content/Collections/' took 0.00s
[2023.03.28-07.10.34:228][  0]LogOcInput: OculusInput pre-init called
[2023.03.28-07.10.34:398][  0]LogEngine: Initializing Engine...
[2023.03.28-07.10.34:401][  0]LogHMD: Failed to enumerate extensions. Please check that you have a valid OpenXR runtime installed.
[2023.03.28-07.10.34:401][  0]LogHMD: Failed to initialize OpenVR with code 110
[2023.03.28-07.10.34:401][  0]LogMagicLeap: Warning: VR disabled because ZI is not enabled.  To enable, in the editor, Edit -> Project Settings -> Plugins -> Magic Leap Plugin -> Enable Zero Iteration
[2023.03.28-07.10.34:402][  0]LogStats: UGameplayTagsManager::InitializeManager -  0.000 s
[2023.03.28-07.10.34:495][  0]LogInit: Initializing FReadOnlyCVARCache
[2023.03.28-07.10.34:504][  0]LogAIModule: Creating AISystem for world Untitled
[2023.03.28-07.10.34:512][  0]LogAudio: Display: Initializing Audio Device Manager...
[2023.03.28-07.10.34:515][  0]LogAudio: Display: Loading Default Audio Settings Objects...
[2023.03.28-07.10.34:516][  0]LogAudio: Display: No default SoundConcurrencyObject specified (or failed to load).
[2023.03.28-07.10.34:516][  0]LogAudio: Display: Audio Device Manager Initialized
[2023.03.28-07.10.34:516][  0]LogAudio: Display: Creating Audio Device:                 Id: 1, Scope: Shared, Realtime: True
[2023.03.28-07.10.34:516][  0]LogAudioMixer: Display: Audio Mixer Platform Settings:
[2023.03.28-07.10.34:516][  0]LogAudioMixer: Display: 	Sample Rate:						  48000
[2023.03.28-07.10.34:516][  0]LogAudioMixer: Display: 	Callback Buffer Frame Size Requested: 1024
[2023.03.28-07.10.34:516][  0]LogAudioMixer: Display: 	Callback Buffer Frame Size To Use:	  1024
[2023.03.28-07.10.34:516][  0]LogAudioMixer: Display: 	Number of buffers to queue:			  2
[2023.03.28-07.10.34:516][  0]LogAudioMixer: Display: 	Max Channels (voices):				  32
[2023.03.28-07.10.34:516][  0]LogAudioMixer: Display: 	Number of Async Source Workers:		  0
[2023.03.28-07.10.34:516][  0]LogAudio: Display: AudioDevice MaxSources: 32
[2023.03.28-07.10.34:517][  0]LogAudio: Display: Audio Spatialization Plugin: None (built-in).
[2023.03.28-07.10.34:517][  0]LogAudio: Display: Audio Reverb Plugin: None (built-in).
[2023.03.28-07.10.34:517][  0]LogAudio: Display: Audio Occlusion Plugin: None (built-in).
[2023.03.28-07.10.34:517][  0]LogAudioMixer: Display: Initializing audio mixer.
[2023.03.28-07.10.34:527][  0]LogAudioMixer: Display: 0: FrontLeft
[2023.03.28-07.10.34:527][  0]LogAudioMixer: Display: 1: FrontRight
[2023.03.28-07.10.34:602][  0]LogAudioMixer: Display: Using Audio Device Headphones (XCD BT OH1)
[2023.03.28-07.10.34:605][  0]LogAudioMixer: Display: Initializing Sound Submixes...
[2023.03.28-07.10.34:606][  0]LogAudioMixer: Display: Creating Master Submix 'MasterSubmixDefault'
[2023.03.28-07.10.34:606][  0]LogAudioMixer: Display: Creating Master Submix 'MasterReverbSubmixDefault'
[2023.03.28-07.10.34:607][  0]LogAudioMixer: Display: Creating Master Submix 'MasterEQSubmixDefault'
[2023.03.28-07.10.34:607][  0]LogAudioMixer: FMixerPlatformXAudio2::StartAudioStream() called
[2023.03.28-07.10.34:607][  0]LogAudioMixer: Display: Output buffers initialized: Frames=1024, Channels=2, Samples=2048
[2023.03.28-07.10.34:608][  0]LogAudioMixer: Display: Starting AudioMixerPlatformInterface::RunInternal()
[2023.03.28-07.10.34:608][  0]LogAudioMixer: Display: FMixerPlatformXAudio2::SubmitBuffer() called for the first time
[2023.03.28-07.10.34:608][  0]LogInit: FAudioDevice initialized.
[2023.03.28-07.10.34:608][  0]LogAudio: Display: Audio Device (ID: 1) registered with world 'Untitled'.
[2023.03.28-07.10.34:608][  0]LogNetVersion: Set ProjectVersion to 1.0.0.0. Version Checksum will be recalculated on next use.
[2023.03.28-07.10.34:658][  0]LogDerivedDataCache: Saved boot cache 0.05s 94MB C:/Users/natha/AppData/Local/UnrealEngine/4.27/DerivedDataCache/Boot.ddc.
[2023.03.28-07.10.34:659][  0]LogInit: Texture streaming: Enabled
[2023.03.28-07.10.34:671][  0]LogAnalytics: Display: [UEEditor.Rocket.Release] APIServer = https://datarouter.ol.epicgames.com/. AppVersion = 4.27.2-18319896+++UE4+Release-4.27
[2023.03.28-07.10.34:676][  0]LogEngineSessionManager: EngineSessionManager initialized
[2023.03.28-07.10.34:676][  0]LogEditorSessionSummary: Verbose: Initializing EditorSessionSummaryWriter for editor session tracking
[2023.03.28-07.10.34:679][  0]LogEditorSessionSummary: EditorSessionSummaryWriter initialized
[2023.03.28-07.10.34:723][  0]LogInit: Transaction tracking system initialized
[2023.03.28-07.10.34:742][  0]BlueprintLog: New page: Editor Load
[2023.03.28-07.10.34:796][  0]LocalizationService: Localization service is disabled
[2023.03.28-07.10.34:817][  0]TimingProfiler: Initialize
[2023.03.28-07.10.34:817][  0]TimingProfiler: OnSessionChanged
[2023.03.28-07.10.34:817][  0]LoadingProfiler: Initialize
[2023.03.28-07.10.34:817][  0]LoadingProfiler: OnSessionChanged
[2023.03.28-07.10.34:817][  0]NetworkingProfiler: Initialize
[2023.03.28-07.10.34:817][  0]NetworkingProfiler: OnSessionChanged
[2023.03.28-07.10.34:817][  0]MemoryProfiler: Initialize
[2023.03.28-07.10.34:817][  0]MemoryProfiler: OnSessionChanged
[2023.03.28-07.10.34:956][  0]LogCook: Display: CookSettings for Memory: MemoryMaxUsedVirtual 0MiB, MemoryMaxUsedPhysical 16384MiB, MemoryMinFreeVirtual 0MiB, MemoryMinFreePhysical 1024MiB
[2023.03.28-07.10.34:956][  0]LogCook: Display: Mobile HDR setting 1
[2023.03.28-07.10.35:116][  0]LogFileCache: Scanning file cache for directory 'C:/Users/natha/OneDrive/Repo/CertIIPlatformer/Platformer/Content/' took 0.00s
[2023.03.28-07.10.35:238][  0]LogInit: Display: Engine is initialized. Leaving FEngineLoop::Init()
[2023.03.28-07.10.35:241][  0]SourceControl: Source control is disabled
[2023.03.28-07.10.35:241][  0]LogUnrealEdMisc: Loading editor; pre map load, took 5.574
[2023.03.28-07.10.35:241][  0]Cmd: MAP LOAD FILE="../../../../../../Users/natha/OneDrive/Repo/CertIIPlatformer/Platformer/Content/SideScrollerBP/Maps/SideScrollerExampleMap.umap" TEMPLATE=0 SHOWPROGRESS=1 FEATURELEVEL=3
[2023.03.28-07.10.35:242][  0]LightingResults: New page: Lighting Build
[2023.03.28-07.10.35:243][  0]LogWorld: UWorld::CleanupWorld for Untitled, bSessionEnded=true, bCleanupResources=true
[2023.03.28-07.10.35:243][  0]LogSlate: InvalidateAllWidgets triggered.  All widgets were invalidated
[2023.03.28-07.10.35:243][  0]MapCheck: New page: Map Check
[2023.03.28-07.10.35:243][  0]LightingResults: New page: Lighting Build
[2023.03.28-07.10.35:250][  0]LogAudio: Display: Audio Device unregistered from world 'None'.
[2023.03.28-07.10.35:252][  0]LogUObjectHash: Compacting FUObjectHashTables data took   0.61ms
[2023.03.28-07.10.35:311][  0]LogLinker: Warning: [AssetLog] C:\Users\natha\OneDrive\Repo\CertIIPlatformer\Platformer\Content\SideScrollerBP\Maps\SideScrollerExampleMap.umap: Failed to load '/Game/SideScrollerBP/Maps/SideScrollerExampleMap_BuiltData': Can't find file.
[2023.03.28-07.10.35:311][  0]LogLinker: Warning: [AssetLog] C:\Users\natha\OneDrive\Repo\CertIIPlatformer\Platformer\Content\SideScrollerBP\Maps\SideScrollerExampleMap.umap: Failed to load '/Game/SideScrollerBP/Maps/SideScrollerExampleMap_BuiltData': Can't find file.
[2023.03.28-07.10.35:314][  0]LogLinker: Warning: [AssetLog] C:\Users\natha\OneDrive\Repo\CertIIPlatformer\Platformer\Content\SideScrollerBP\Maps\SideScrollerExampleMap.umap: Failed to load '/Game/SideScrollerBP/Maps/SideScrollerExampleMap_BuiltData': Can't find file.
[2023.03.28-07.10.35:314][  0]LogLinker: Warning: Failed to load '/Game/SideScrollerBP/Maps/SideScrollerExampleMap_BuiltData': Can't find file.
[2023.03.28-07.10.35:314][  0]LogLinker: Warning: Failed to load '/Game/SideScrollerBP/Maps/SideScrollerExampleMap_BuiltData': Can't find file.
[2023.03.28-07.10.35:351][  0]LogLinker: Warning: [AssetLog] C:\Users\natha\OneDrive\Repo\CertIIPlatformer\Platformer\Content\SideScrollerBP\Maps\SideScrollerExampleMap.umap: Failed to load '/Game/SideScrollerBP/Maps/SideScrollerExampleMap_BuiltData': Can't find file.
[2023.03.28-07.10.35:351][  0]LoadErrors: Failed to load /Game/SideScrollerBP/Maps/SideScrollerExampleMap_BuiltData.SideScrollerExampleMap_BuiltData Referenced by PersistentLevel
[2023.03.28-07.10.35:428][  0]LogAudio: Display: Audio Device (ID: 1) registered with world 'SideScrollerExampleMap'.
[2023.03.28-07.10.35:429][  0]LogAIModule: Creating AISystem for world SideScrollerExampleMap
[2023.03.28-07.10.35:434][  0]LogEditorServer: Finished looking for orphan Actors (0.000 secs)
[2023.03.28-07.10.35:440][  0]LogUObjectHash: Compacting FUObjectHashTables data took   0.60ms
[2023.03.28-07.10.35:440][  0]Cmd: MAP CHECKDEP NOCLEARLOG
[2023.03.28-07.10.35:440][  0]MapCheck: Map check complete: 0 Error(s), 0 Warning(s), took 0.124ms to complete.
[2023.03.28-07.10.35:440][  0]LogFileHelpers: Loading map 'SideScrollerExampleMap' took 0.199
[2023.03.28-07.10.35:442][  0]LogUnrealEdMisc: Total Editor Startup Time, took 5.775
[2023.03.28-07.10.35:540][  0]LogSlate: Updating window title bar state: overlay mode, drag disabled, window buttons hidden, title bar hidden
[2023.03.28-07.10.35:546][  0]LogSlate: Updating window title bar state: overlay mode, drag disabled, window buttons hidden, title bar hidden
[2023.03.28-07.10.35:551][  0]LogSlate: Updating window title bar state: overlay mode, drag disabled, window buttons hidden, title bar hidden
[2023.03.28-07.10.35:555][  0]LogSlate: Updating window title bar state: overlay mode, drag disabled, window buttons hidden, title bar hidden
[2023.03.28-07.10.35:567][  0]LogNativeClassHierarchy: Verbose: Native class hierarchy populated in 0.0074 seconds. Added 3822 classes and 928 folders.
[2023.03.28-07.10.35:569][  0]LogNativeClassHierarchy: Verbose: Native class hierarchy updated for 'WidgetCarousel' in 0.0002 seconds. Added 0 classes and 0 folders.
[2023.03.28-07.10.35:570][  0]LogPakFile: PakFile PrimaryIndexSize=187
[2023.03.28-07.10.35:570][  0]LogPakFile: PakFile PathHashIndexSize=101
[2023.03.28-07.10.35:570][  0]LogPakFile: PakFile FullDirectoryIndexSize=148
[2023.03.28-07.10.35:570][  0]LogShaderLibrary: Display: ShaderCodeLibraryPakFileMountedCallback: PakFile 'C:/Program Files/Epic Games/UE_4.27/FeaturePacks/FP_FirstPerson.upack' (chunk index -1, root 'root:/') mounted
[2023.03.28-07.10.35:570][  0]LogShaderLibrary: Display: ShaderCodeLibraryPakFileMountedCallback: pending pak file info (ChunkID:-1 Root:root:/ File:C:/Program Files/Epic Games/UE_4.27/FeaturePacks/FP_FirstPerson.upack)
[2023.03.28-07.10.35:570][  0]LogPakFile: OnPakFileMounted2Time == 0.000044
[2023.03.28-07.10.35:570][  0]LogPakFile: PakFile PrimaryIndexSize=189
[2023.03.28-07.10.35:570][  0]LogPakFile: PakFile PathHashIndexSize=101
[2023.03.28-07.10.35:570][  0]LogPakFile: PakFile FullDirectoryIndexSize=152
[2023.03.28-07.10.35:570][  0]LogShaderLibrary: Display: ShaderCodeLibraryPakFileMountedCallback: PakFile 'C:/Program Files/Epic Games/UE_4.27/FeaturePacks/FP_FirstPersonBP.upack' (chunk index -1, root 'root:/') mounted
[2023.03.28-07.10.35:571][  0]LogShaderLibrary: Display: ShaderCodeLibraryPakFileMountedCallback: pending pak file info (ChunkID:-1 Root:root:/ File:C:/Program Files/Epic Games/UE_4.27/FeaturePacks/FP_FirstPersonBP.upack)
[2023.03.28-07.10.35:571][  0]LogPakFile: OnPakFileMounted2Time == 0.000026
[2023.03.28-07.10.35:571][  0]LogPakFile: PakFile PrimaryIndexSize=191
[2023.03.28-07.10.35:571][  0]LogPakFile: PakFile PathHashIndexSize=101
[2023.03.28-07.10.35:571][  0]LogPakFile: PakFile FullDirectoryIndexSize=160
[2023.03.28-07.10.35:571][  0]LogShaderLibrary: Display: ShaderCodeLibraryPakFileMountedCallback: PakFile 'C:/Program Files/Epic Games/UE_4.27/FeaturePacks/MobileStarterContent.upack' (chunk index -1, root 'root:/') mounted
[2023.03.28-07.10.35:571][  0]LogShaderLibrary: Display: ShaderCodeLibraryPakFileMountedCallback: pending pak file info (ChunkID:-1 Root:root:/ File:C:/Program Files/Epic Games/UE_4.27/FeaturePacks/MobileStarterContent.upack)
[2023.03.28-07.10.35:571][  0]LogPakFile: OnPakFileMounted2Time == 0.000024
[2023.03.28-07.10.35:571][  0]LogPakFile: PakFile PrimaryIndexSize=185
[2023.03.28-07.10.35:571][  0]LogPakFile: PakFile PathHashIndexSize=101
[2023.03.28-07.10.35:571][  0]LogPakFile: PakFile FullDirectoryIndexSize=148
[2023.03.28-07.10.35:571][  0]LogShaderLibrary: Display: ShaderCodeLibraryPakFileMountedCallback: PakFile 'C:/Program Files/Epic Games/UE_4.27/FeaturePacks/StarterContent.upack' (chunk index -1, root 'root:/') mounted
[2023.03.28-07.10.35:571][  0]LogShaderLibrary: Display: ShaderCodeLibraryPakFileMountedCallback: pending pak file info (ChunkID:-1 Root:root:/ File:C:/Program Files/Epic Games/UE_4.27/FeaturePacks/StarterContent.upack)
[2023.03.28-07.10.35:571][  0]LogPakFile: OnPakFileMounted2Time == 0.000024
[2023.03.28-07.10.35:572][  0]LogPakFile: PakFile PrimaryIndexSize=190
[2023.03.28-07.10.35:572][  0]LogPakFile: PakFile PathHashIndexSize=101
[2023.03.28-07.10.35:572][  0]LogPakFile: PakFile FullDirectoryIndexSize=154
[2023.03.28-07.10.35:572][  0]LogShaderLibrary: Display: ShaderCodeLibraryPakFileMountedCallback: PakFile 'C:/Program Files/Epic Games/UE_4.27/FeaturePacks/TP_2DSideScroller.upack' (chunk index -1, root 'root:/') mounted
[2023.03.28-07.10.35:572][  0]LogShaderLibrary: Display: ShaderCodeLibraryPakFileMountedCallback: pending pak file info (ChunkID:-1 Root:root:/ File:C:/Program Files/Epic Games/UE_4.27/FeaturePacks/TP_2DSideScroller.upack)
[2023.03.28-07.10.35:572][  0]LogPakFile: OnPakFileMounted2Time == 0.000023
[2023.03.28-07.10.35:572][  0]LogPakFile: PakFile PrimaryIndexSize=192
[2023.03.28-07.10.35:572][  0]LogPakFile: PakFile PathHashIndexSize=101
[2023.03.28-07.10.35:572][  0]LogPakFile: PakFile FullDirectoryIndexSize=158
[2023.03.28-07.10.35:573][  0]LogShaderLibrary: Display: ShaderCodeLibraryPakFileMountedCallback: PakFile 'C:/Program Files/Epic Games/UE_4.27/FeaturePacks/TP_2DSideScrollerBP.upack' (chunk index -1, root 'root:/') mounted
[2023.03.28-07.10.35:573][  0]LogShaderLibrary: Display: ShaderCodeLibraryPakFileMountedCallback: pending pak file info (ChunkID:-1 Root:root:/ File:C:/Program Files/Epic Games/UE_4.27/FeaturePacks/TP_2DSideScrollerBP.upack)
[2023.03.28-07.10.35:573][  0]LogPakFile: OnPakFileMounted2Time == 0.000022
[2023.03.28-07.10.35:573][  0]LogPakFile: PakFile PrimaryIndexSize=182
[2023.03.28-07.10.35:573][  0]LogPakFile: PakFile PathHashIndexSize=101
[2023.03.28-07.10.35:573][  0]LogPakFile: PakFile FullDirectoryIndexSize=138
[2023.03.28-07.10.35:573][  0]LogShaderLibrary: Display: ShaderCodeLibraryPakFileMountedCallback: PakFile 'C:/Program Files/Epic Games/UE_4.27/FeaturePacks/TP_Flying.upack' (chunk index -1, root 'root:/') mounted
[2023.03.28-07.10.35:573][  0]LogShaderLibrary: Display: ShaderCodeLibraryPakFileMountedCallback: pending pak file info (ChunkID:-1 Root:root:/ File:C:/Program Files/Epic Games/UE_4.27/FeaturePacks/TP_Flying.upack)
[2023.03.28-07.10.35:573][  0]LogPakFile: OnPakFileMounted2Time == 0.000023
[2023.03.28-07.10.35:573][  0]LogPakFile: PakFile PrimaryIndexSize=184
[2023.03.28-07.10.35:573][  0]LogPakFile: PakFile PathHashIndexSize=101
[2023.03.28-07.10.35:573][  0]LogPakFile: PakFile FullDirectoryIndexSize=142
[2023.03.28-07.10.35:573][  0]LogShaderLibrary: Display: ShaderCodeLibraryPakFileMountedCallback: PakFile 'C:/Program Files/Epic Games/UE_4.27/FeaturePacks/TP_FlyingBP.upack' (chunk index -1, root 'root:/') mounted
[2023.03.28-07.10.35:573][  0]LogShaderLibrary: Display: ShaderCodeLibraryPakFileMountedCallback: pending pak file info (ChunkID:-1 Root:root:/ File:C:/Program Files/Epic Games/UE_4.27/FeaturePacks/TP_FlyingBP.upack)
[2023.03.28-07.10.35:573][  0]LogPakFile: OnPakFileMounted2Time == 0.000022
[2023.03.28-07.10.35:573][  0]LogPakFile: PakFile PrimaryIndexSize=188
[2023.03.28-07.10.35:573][  0]LogPakFile: PakFile PathHashIndexSize=101
[2023.03.28-07.10.35:573][  0]LogPakFile: PakFile FullDirectoryIndexSize=150
[2023.03.28-07.10.35:573][  0]LogShaderLibrary: Display: ShaderCodeLibraryPakFileMountedCallback: PakFile 'C:/Program Files/Epic Games/UE_4.27/FeaturePacks/TP_HandheldARBP.upack' (chunk index -1, root 'root:/') mounted
[2023.03.28-07.10.35:573][  0]LogShaderLibrary: Display: ShaderCodeLibraryPakFileMountedCallback: pending pak file info (ChunkID:-1 Root:root:/ File:C:/Program Files/Epic Games/UE_4.27/FeaturePacks/TP_HandheldARBP.upack)
[2023.03.28-07.10.35:573][  0]LogPakFile: OnPakFileMounted2Time == 0.000023
[2023.03.28-07.10.35:574][  0]LogPakFile: PakFile PrimaryIndexSize=182
[2023.03.28-07.10.35:574][  0]LogPakFile: PakFile PathHashIndexSize=101
[2023.03.28-07.10.35:574][  0]LogPakFile: PakFile FullDirectoryIndexSize=138
[2023.03.28-07.10.35:574][  0]LogShaderLibrary: Display: ShaderCodeLibraryPakFileMountedCallback: PakFile 'C:/Program Files/Epic Games/UE_4.27/FeaturePacks/TP_Puzzle.upack' (chunk index -1, root 'root:/') mounted
[2023.03.28-07.10.35:574][  0]LogShaderLibrary: Display: ShaderCodeLibraryPakFileMountedCallback: pending pak file info (ChunkID:-1 Root:root:/ File:C:/Program Files/Epic Games/UE_4.27/FeaturePacks/TP_Puzzle.upack)
[2023.03.28-07.10.35:574][  0]LogPakFile: OnPakFileMounted2Time == 0.000023
[2023.03.28-07.10.35:574][  0]LogPakFile: PakFile PrimaryIndexSize=184
[2023.03.28-07.10.35:574][  0]LogPakFile: PakFile PathHashIndexSize=101
[2023.03.28-07.10.35:574][  0]LogPakFile: PakFile FullDirectoryIndexSize=142
[2023.03.28-07.10.35:574][  0]LogShaderLibrary: Display: ShaderCodeLibraryPakFileMountedCallback: PakFile 'C:/Program Files/Epic Games/UE_4.27/FeaturePacks/TP_PuzzleBP.upack' (chunk index -1, root 'root:/') mounted
[2023.03.28-07.10.35:574][  0]LogShaderLibrary: Display: ShaderCodeLibraryPakFileMountedCallback: pending pak file info (ChunkID:-1 Root:root:/ File:C:/Program Files/Epic Games/UE_4.27/FeaturePacks/TP_PuzzleBP.upack)
[2023.03.28-07.10.35:574][  0]LogPakFile: OnPakFileMounted2Time == 0.000022
[2023.03.28-07.10.35:574][  0]LogPakFile: PakFile PrimaryIndexSize=183
[2023.03.28-07.10.35:574][  0]LogPakFile: PakFile PathHashIndexSize=101
[2023.03.28-07.10.35:574][  0]LogPakFile: PakFile FullDirectoryIndexSize=140
[2023.03.28-07.10.35:574][  0]LogShaderLibrary: Display: ShaderCodeLibraryPakFileMountedCallback: PakFile 'C:/Program Files/Epic Games/UE_4.27/FeaturePacks/TP_Rolling.upack' (chunk index -1, root 'root:/') mounted
[2023.03.28-07.10.35:574][  0]LogShaderLibrary: Display: ShaderCodeLibraryPakFileMountedCallback: pending pak file info (ChunkID:-1 Root:root:/ File:C:/Program Files/Epic Games/UE_4.27/FeaturePacks/TP_Rolling.upack)
[2023.03.28-07.10.35:574][  0]LogPakFile: OnPakFileMounted2Time == 0.000023
[2023.03.28-07.10.35:575][  0]LogPakFile: PakFile PrimaryIndexSize=185
[2023.03.28-07.10.35:575][  0]LogPakFile: PakFile PathHashIndexSize=101
[2023.03.28-07.10.35:575][  0]LogPakFile: PakFile FullDirectoryIndexSize=144
[2023.03.28-07.10.35:575][  0]LogShaderLibrary: Display: ShaderCodeLibraryPakFileMountedCallback: PakFile 'C:/Program Files/Epic Games/UE_4.27/FeaturePacks/TP_RollingBP.upack' (chunk index -1, root 'root:/') mounted
[2023.03.28-07.10.35:575][  0]LogShaderLibrary: Display: ShaderCodeLibraryPakFileMountedCallback: pending pak file info (ChunkID:-1 Root:root:/ File:C:/Program Files/Epic Games/UE_4.27/FeaturePacks/TP_RollingBP.upack)
[2023.03.28-07.10.35:575][  0]LogPakFile: OnPakFileMounted2Time == 0.000022
[2023.03.28-07.10.35:575][  0]LogPakFile: PakFile PrimaryIndexSize=188
[2023.03.28-07.10.35:575][  0]LogPakFile: PakFile PathHashIndexSize=101
[2023.03.28-07.10.35:575][  0]LogPakFile: PakFile FullDirectoryIndexSize=150
[2023.03.28-07.10.35:575][  0]LogShaderLibrary: Display: ShaderCodeLibraryPakFileMountedCallback: PakFile 'C:/Program Files/Epic Games/UE_4.27/FeaturePacks/TP_SideScroller.upack' (chunk index -1, root 'root:/') mounted
[2023.03.28-07.10.35:575][  0]LogShaderLibrary: Display: ShaderCodeLibraryPakFileMountedCallback: pending pak file info (ChunkID:-1 Root:root:/ File:C:/Program Files/Epic Games/UE_4.27/FeaturePacks/TP_SideScroller.upack)
[2023.03.28-07.10.35:575][  0]LogPakFile: OnPakFileMounted2Time == 0.000022
[2023.03.28-07.10.35:575][  0]LogPakFile: PakFile PrimaryIndexSize=190
[2023.03.28-07.10.35:575][  0]LogPakFile: PakFile PathHashIndexSize=101
[2023.03.28-07.10.35:575][  0]LogPakFile: PakFile FullDirectoryIndexSize=154
[2023.03.28-07.10.35:575][  0]LogShaderLibrary: Display: ShaderCodeLibraryPakFileMountedCallback: PakFile 'C:/Program Files/Epic Games/UE_4.27/FeaturePacks/TP_SideScrollerBP.upack' (chunk index -1, root 'root:/') mounted
[2023.03.28-07.10.35:575][  0]LogShaderLibrary: Display: ShaderCodeLibraryPakFileMountedCallback: pending pak file info (ChunkID:-1 Root:root:/ File:C:/Program Files/Epic Games/UE_4.27/FeaturePacks/TP_SideScrollerBP.upack)
[2023.03.28-07.10.35:576][  0]LogPakFile: OnPakFileMounted2Time == 0.000022
[2023.03.28-07.10.35:576][  0]LogPakFile: PakFile PrimaryIndexSize=187
[2023.03.28-07.10.35:576][  0]LogPakFile: PakFile PathHashIndexSize=101
[2023.03.28-07.10.35:576][  0]LogPakFile: PakFile FullDirectoryIndexSize=148
[2023.03.28-07.10.35:576][  0]LogShaderLibrary: Display: ShaderCodeLibraryPakFileMountedCallback: PakFile 'C:/Program Files/Epic Games/UE_4.27/FeaturePacks/TP_ThirdPerson.upack' (chunk index -1, root 'root:/') mounted
[2023.03.28-07.10.35:576][  0]LogShaderLibrary: Display: ShaderCodeLibraryPakFileMountedCallback: pending pak file info (ChunkID:-1 Root:root:/ File:C:/Program Files/Epic Games/UE_4.27/FeaturePacks/TP_ThirdPerson.upack)
[2023.03.28-07.10.35:576][  0]LogPakFile: OnPakFileMounted2Time == 0.000022
[2023.03.28-07.10.35:576][  0]LogPakFile: PakFile PrimaryIndexSize=189
[2023.03.28-07.10.35:576][  0]LogPakFile: PakFile PathHashIndexSize=101
[2023.03.28-07.10.35:576][  0]LogPakFile: PakFile FullDirectoryIndexSize=152
[2023.03.28-07.10.35:576][  0]LogShaderLibrary: Display: ShaderCodeLibraryPakFileMountedCallback: PakFile 'C:/Program Files/Epic Games/UE_4.27/FeaturePacks/TP_ThirdPersonBP.upack' (chunk index -1, root 'root:/') mounted
[2023.03.28-07.10.35:576][  0]LogShaderLibrary: Display: ShaderCodeLibraryPakFileMountedCallback: pending pak file info (ChunkID:-1 Root:root:/ File:C:/Program Files/Epic Games/UE_4.27/FeaturePacks/TP_ThirdPersonBP.upack)
[2023.03.28-07.10.35:576][  0]LogPakFile: OnPakFileMounted2Time == 0.000022
[2023.03.28-07.10.35:577][  0]LogPakFile: PakFile PrimaryIndexSize=183
[2023.03.28-07.10.35:577][  0]LogPakFile: PakFile PathHashIndexSize=101
[2023.03.28-07.10.35:577][  0]LogPakFile: PakFile FullDirectoryIndexSize=140
[2023.03.28-07.10.35:577][  0]LogShaderLibrary: Display: ShaderCodeLibraryPakFileMountedCallback: PakFile 'C:/Program Files/Epic Games/UE_4.27/FeaturePacks/TP_TopDown.upack' (chunk index -1, root 'root:/') mounted
[2023.03.28-07.10.35:577][  0]LogShaderLibrary: Display: ShaderCodeLibraryPakFileMountedCallback: pending pak file info (ChunkID:-1 Root:root:/ File:C:/Program Files/Epic Games/UE_4.27/FeaturePacks/TP_TopDown.upack)
[2023.03.28-07.10.35:577][  0]LogPakFile: OnPakFileMounted2Time == 0.000031
[2023.03.28-07.10.35:577][  0]LogPakFile: PakFile PrimaryIndexSize=185
[2023.03.28-07.10.35:577][  0]LogPakFile: PakFile PathHashIndexSize=101
[2023.03.28-07.10.35:577][  0]LogPakFile: PakFile FullDirectoryIndexSize=144
[2023.03.28-07.10.35:577][  0]LogShaderLibrary: Display: ShaderCodeLibraryPakFileMountedCallback: PakFile 'C:/Program Files/Epic Games/UE_4.27/FeaturePacks/TP_TopDownBP.upack' (chunk index -1, root 'root:/') mounted
[2023.03.28-07.10.35:577][  0]LogShaderLibrary: Display: ShaderCodeLibraryPakFileMountedCallback: pending pak file info (ChunkID:-1 Root:root:/ File:C:/Program Files/Epic Games/UE_4.27/FeaturePacks/TP_TopDownBP.upack)
[2023.03.28-07.10.35:577][  0]LogPakFile: OnPakFileMounted2Time == 0.000023
[2023.03.28-07.10.35:577][  0]LogPakFile: PakFile PrimaryIndexSize=185
[2023.03.28-07.10.35:577][  0]LogPakFile: PakFile PathHashIndexSize=101
[2023.03.28-07.10.35:577][  0]LogPakFile: PakFile FullDirectoryIndexSize=144
[2023.03.28-07.10.35:577][  0]LogShaderLibrary: Display: ShaderCodeLibraryPakFileMountedCallback: PakFile 'C:/Program Files/Epic Games/UE_4.27/FeaturePacks/TP_TwinStick.upack' (chunk index -1, root 'root:/') mounted
[2023.03.28-07.10.35:577][  0]LogShaderLibrary: Display: ShaderCodeLibraryPakFileMountedCallback: pending pak file info (ChunkID:-1 Root:root:/ File:C:/Program Files/Epic Games/UE_4.27/FeaturePacks/TP_TwinStick.upack)
[2023.03.28-07.10.35:577][  0]LogPakFile: OnPakFileMounted2Time == 0.000027
[2023.03.28-07.10.35:578][  0]LogPakFile: PakFile PrimaryIndexSize=187
[2023.03.28-07.10.35:578][  0]LogPakFile: PakFile PathHashIndexSize=101
[2023.03.28-07.10.35:578][  0]LogPakFile: PakFile FullDirectoryIndexSize=148
[2023.03.28-07.10.35:578][  0]LogShaderLibrary: Display: ShaderCodeLibraryPakFileMountedCallback: PakFile 'C:/Program Files/Epic Games/UE_4.27/FeaturePacks/TP_TwinStickBP.upack' (chunk index -1, root 'root:/') mounted
[2023.03.28-07.10.35:578][  0]LogShaderLibrary: Display: ShaderCodeLibraryPakFileMountedCallback: pending pak file info (ChunkID:-1 Root:root:/ File:C:/Program Files/Epic Games/UE_4.27/FeaturePacks/TP_TwinStickBP.upack)
[2023.03.28-07.10.35:578][  0]LogPakFile: OnPakFileMounted2Time == 0.000022
[2023.03.28-07.10.35:578][  0]LogPakFile: PakFile PrimaryIndexSize=183
[2023.03.28-07.10.35:578][  0]LogPakFile: PakFile PathHashIndexSize=101
[2023.03.28-07.10.35:578][  0]LogPakFile: PakFile FullDirectoryIndexSize=140
[2023.03.28-07.10.35:578][  0]LogShaderLibrary: Display: ShaderCodeLibraryPakFileMountedCallback: PakFile 'C:/Program Files/Epic Games/UE_4.27/FeaturePacks/TP_Vehicle.upack' (chunk index -1, root 'root:/') mounted
[2023.03.28-07.10.35:578][  0]LogShaderLibrary: Display: ShaderCodeLibraryPakFileMountedCallback: pending pak file info (ChunkID:-1 Root:root:/ File:C:/Program Files/Epic Games/UE_4.27/FeaturePacks/TP_Vehicle.upack)
[2023.03.28-07.10.35:578][  0]LogPakFile: OnPakFileMounted2Time == 0.000022
[2023.03.28-07.10.35:578][  0]LogPakFile: PakFile PrimaryIndexSize=186
[2023.03.28-07.10.35:578][  0]LogPakFile: PakFile PathHashIndexSize=101
[2023.03.28-07.10.35:579][  0]LogPakFile: PakFile FullDirectoryIndexSize=146
[2023.03.28-07.10.35:579][  0]LogShaderLibrary: Display: ShaderCodeLibraryPakFileMountedCallback: PakFile 'C:/Program Files/Epic Games/UE_4.27/FeaturePacks/TP_VehicleAdv.upack' (chunk index -1, root 'root:/') mounted
[2023.03.28-07.10.35:579][  0]LogShaderLibrary: Display: ShaderCodeLibraryPakFileMountedCallback: pending pak file info (ChunkID:-1 Root:root:/ File:C:/Program Files/Epic Games/UE_4.27/FeaturePacks/TP_VehicleAdv.upack)
[2023.03.28-07.10.35:579][  0]LogPakFile: OnPakFileMounted2Time == 0.000022
[2023.03.28-07.10.35:579][  0]LogPakFile: PakFile PrimaryIndexSize=188
[2023.03.28-07.10.35:579][  0]LogPakFile: PakFile PathHashIndexSize=101
[2023.03.28-07.10.35:579][  0]LogPakFile: PakFile FullDirectoryIndexSize=150
[2023.03.28-07.10.35:579][  0]LogShaderLibrary: Display: ShaderCodeLibraryPakFileMountedCallback: PakFile 'C:/Program Files/Epic Games/UE_4.27/FeaturePacks/TP_VehicleAdvBP.upack' (chunk index -1, root 'root:/') mounted
[2023.03.28-07.10.35:579][  0]LogShaderLibrary: Display: ShaderCodeLibraryPakFileMountedCallback: pending pak file info (ChunkID:-1 Root:root:/ File:C:/Program Files/Epic Games/UE_4.27/FeaturePacks/TP_VehicleAdvBP.upack)
[2023.03.28-07.10.35:579][  0]LogPakFile: OnPakFileMounted2Time == 0.000025
[2023.03.28-07.10.35:579][  0]LogPakFile: PakFile PrimaryIndexSize=185
[2023.03.28-07.10.35:579][  0]LogPakFile: PakFile PathHashIndexSize=101
[2023.03.28-07.10.35:579][  0]LogPakFile: PakFile FullDirectoryIndexSize=144
[2023.03.28-07.10.35:579][  0]LogShaderLibrary: Display: ShaderCodeLibraryPakFileMountedCallback: PakFile 'C:/Program Files/Epic Games/UE_4.27/FeaturePacks/TP_VehicleBP.upack' (chunk index -1, root 'root:/') mounted
[2023.03.28-07.10.35:579][  0]LogShaderLibrary: Display: ShaderCodeLibraryPakFileMountedCallback: pending pak file info (ChunkID:-1 Root:root:/ File:C:/Program Files/Epic Games/UE_4.27/FeaturePacks/TP_VehicleBP.upack)
[2023.03.28-07.10.35:579][  0]LogPakFile: OnPakFileMounted2Time == 0.000022
[2023.03.28-07.10.35:580][  0]LogPakFile: PakFile PrimaryIndexSize=192
[2023.03.28-07.10.35:580][  0]LogPakFile: PakFile PathHashIndexSize=101
[2023.03.28-07.10.35:580][  0]LogPakFile: PakFile FullDirectoryIndexSize=158
[2023.03.28-07.10.35:580][  0]LogShaderLibrary: Display: ShaderCodeLibraryPakFileMountedCallback: PakFile 'C:/Program Files/Epic Games/UE_4.27/FeaturePacks/TP_VirtualRealityBP.upack' (chunk index -1, root 'root:/') mounted
[2023.03.28-07.10.35:580][  0]LogShaderLibrary: Display: ShaderCodeLibraryPakFileMountedCallback: pending pak file info (ChunkID:-1 Root:root:/ File:C:/Program Files/Epic Games/UE_4.27/FeaturePacks/TP_VirtualRealityBP.upack)
[2023.03.28-07.10.35:580][  0]LogPakFile: OnPakFileMounted2Time == 0.000022
[2023.03.28-07.10.35:618][  0]LogNativeClassHierarchy: Verbose: Native class hierarchy updated for 'AddContentDialog' in 0.0002 seconds. Added 0 classes and 0 folders.
[2023.03.28-07.10.35:619][  0]LogNativeClassHierarchy: Verbose: Native class hierarchy updated for 'SceneOutliner' in 0.0002 seconds. Added 2 classes and 0 folders.
[2023.03.28-07.10.35:666][  0]LogSlate: Took 0.000245 seconds to synchronously load lazily loaded font '../../../Engine/Content/Slate/Fonts/Roboto-Regular.ttf' (155K)
[2023.03.28-07.10.35:667][  0]LogSlate: Took 0.000180 seconds to synchronously load lazily loaded font '../../../Engine/Content/Editor/Slate/Fonts/FontAwesome.ttf' (139K)
[2023.03.28-07.10.35:669][  0]LogSlate: Took 0.000188 seconds to synchronously load lazily loaded font '../../../Engine/Content/Slate/Fonts/Roboto-Bold.ttf' (160K)
[2023.03.28-07.10.35:735][  0]LogRenderer: Reallocating scene render targets to support 1208x568 Format 10 NumSamples 1 (Frame:1).
[2023.03.28-07.10.35:816][  0]LogNativeClassHierarchy: Verbose: Native class hierarchy updated for 'HierarchicalLODOutliner' in 0.0003 seconds. Added 0 classes and 0 folders.
[2023.03.28-07.10.35:816][  0]LogLoad: (Engine Initialization) Total time: 6.15 seconds
[2023.03.28-07.10.35:816][  0]LogLoad: (Engine Initialization) Total Blueprint compile time: 0.00 seconds
[2023.03.28-07.10.35:863][  0]LogAssetRegistry: Asset discovery search completed in 3.5029 seconds
[2023.03.28-07.10.35:867][  0]LogCollectionManager: Fixed up redirectors for 0 collections in 0.000004 seconds (updated 0 objects)
[2023.03.28-07.10.35:869][  0]LogContentStreaming: Texture pool size now 1000 MB
[2023.03.28-07.10.35:910][  0]LogSlate: Took 0.000174 seconds to synchronously load lazily loaded font '../../../Engine/Content/Slate/Fonts/DroidSansMono.ttf' (77K)
[2023.03.28-07.10.36:016][  3]LogSlate: Took 0.000952 seconds to synchronously load lazily loaded font '../../../Engine/Content/Slate/Fonts/Roboto-Light.ttf' (167K)
[2023.03.28-07.10.39:105][189]LogSlate: Window 'Message Log' being destroyed
[2023.03.28-07.10.39:109][189]LogSlate: Window 'Message Log' being destroyed
